[03/09/2024 22:42:55 - INFO - __main__] -   Namespace(verbose=False, seed=42, save_dir='data', task='parse', env='ant', level='medium-expert', version='v2', max_len_trajectory=1000)
[03/09/2024 22:42:55 - INFO - __main__] -   >>> There are 1 offline datasets to parse.
[03/09/2024 22:42:55 - INFO - __main__] -   >>> Dataset: ant-medium-expert-v2.hdf5
[03/09/2024 22:42:55 - INFO - __main__] -   >>> Keys: <KeysViewHDF5 ['actions', 'infos', 'next_observations', 'observations', 'rewards', 'terminals', 'timeouts']>
[03/09/2024 23:48:09 - INFO - __main__] -   >>> >>> Parsing >>> ant-medium-expert-v2.hdf5: 100 trajectories
[03/10/2024 00:50:09 - INFO - __main__] -   >>> >>> Parsing >>> ant-medium-expert-v2.hdf5: 200 trajectories
[03/10/2024 01:51:37 - INFO - __main__] -   >>> >>> Parsing >>> ant-medium-expert-v2.hdf5: 300 trajectories
[03/10/2024 03:48:14 - INFO - __main__] -   >>> >>> Parsing >>> ant-medium-expert-v2.hdf5: 400 trajectories
[03/10/2024 04:39:59 - INFO - __main__] -   >>> >>> Parsing >>> ant-medium-expert-v2.hdf5: 500 trajectories
[03/10/2024 05:33:38 - INFO - __main__] -   >>> >>> Parsing >>> ant-medium-expert-v2.hdf5: 600 trajectories
[03/10/2024 06:24:35 - INFO - __main__] -   >>> >>> Parsing >>> ant-medium-expert-v2.hdf5: 700 trajectories
[03/10/2024 07:17:46 - INFO - __main__] -   >>> >>> Parsing >>> ant-medium-expert-v2.hdf5: 800 trajectories
[03/10/2024 08:05:53 - INFO - __main__] -   >>> >>> Parsing >>> ant-medium-expert-v2.hdf5: 900 trajectories
[03/10/2024 08:58:00 - INFO - __main__] -   >>> >>> Parsing >>> ant-medium-expert-v2.hdf5: 1000 trajectories
[03/10/2024 09:51:18 - INFO - __main__] -   >>> >>> Parsing >>> ant-medium-expert-v2.hdf5: 1100 trajectories
[03/10/2024 10:40:07 - INFO - __main__] -   >>> >>> Parsing >>> ant-medium-expert-v2.hdf5: 1200 trajectories
[03/10/2024 11:33:50 - INFO - __main__] -   >>> >>> Parsing >>> ant-medium-expert-v2.hdf5: 1300 trajectories
[03/10/2024 12:27:30 - INFO - __main__] -   >>> >>> Parsing >>> ant-medium-expert-v2.hdf5: 1400 trajectories
[03/10/2024 13:22:25 - INFO - __main__] -   >>> >>> Parsing >>> ant-medium-expert-v2.hdf5: 1500 trajectories
[03/10/2024 14:16:11 - INFO - __main__] -   >>> >>> Parsing >>> ant-medium-expert-v2.hdf5: 1600 trajectories
[03/10/2024 15:09:42 - INFO - __main__] -   >>> >>> Parsing >>> ant-medium-expert-v2.hdf5: 1700 trajectories
[03/10/2024 16:03:45 - INFO - __main__] -   >>> >>> Parsing >>> ant-medium-expert-v2.hdf5: 1800 trajectories
[03/10/2024 17:00:35 - INFO - __main__] -   >>> >>> Parsing >>> ant-medium-expert-v2.hdf5: 1900 trajectories
[03/10/2024 18:00:19 - INFO - __main__] -   >>> >>> Parsing >>> ant-medium-expert-v2.hdf5: 2000 trajectories
[03/10/2024 19:00:12 - INFO - __main__] -   >>> >>> Parsing >>> ant-medium-expert-v2.hdf5: 2100 trajectories
[03/10/2024 20:03:09 - INFO - __main__] -   >>> >>> Parsing >>> ant-medium-expert-v2.hdf5: 2200 trajectories
[03/10/2024 20:24:42 - INFO - __main__] -   The number of collected samples: 1999823
[03/10/2024 20:24:42 - INFO - __main__] -   Trajectory rewards: mean = 3776.928466796875, std = 1509.9254150390625, max = 5670.890625, min = -1708.24267578125
[03/10/2024 20:24:42 - INFO - __main__] -   >>> Done ant-medium-expert-v2.hdf5. Save the trajectories to data/parsed/ant-medium-expert-v2.hdf5.pkl
[03/10/2024 20:25:00 - INFO - __main__] -   Total Running Time: 74525.1 sec (1242.1 min)
