[03/09/2024 22:42:55 - INFO - __main__] -   Namespace(verbose=False, seed=42, save_dir='data', task='parse', env='halfcheetah', level='medium-expert', version='v2', max_len_trajectory=1000)
[03/09/2024 22:42:55 - INFO - __main__] -   >>> There are 1 offline datasets to parse.
[03/09/2024 22:42:56 - INFO - __main__] -   >>> Dataset: halfcheetah-medium-expert-v2.hdf5
[03/09/2024 22:42:56 - INFO - __main__] -   >>> Keys: <KeysViewHDF5 ['actions', 'infos', 'next_observations', 'observations', 'rewards', 'terminals', 'timeouts']>
[03/09/2024 23:08:41 - INFO - __main__] -   >>> >>> Parsing >>> halfcheetah-medium-expert-v2.hdf5: 100 trajectories
[03/09/2024 23:32:11 - INFO - __main__] -   >>> >>> Parsing >>> halfcheetah-medium-expert-v2.hdf5: 200 trajectories
[03/09/2024 23:55:41 - INFO - __main__] -   >>> >>> Parsing >>> halfcheetah-medium-expert-v2.hdf5: 300 trajectories
[03/10/2024 00:17:50 - INFO - __main__] -   >>> >>> Parsing >>> halfcheetah-medium-expert-v2.hdf5: 400 trajectories
[03/10/2024 00:39:32 - INFO - __main__] -   >>> >>> Parsing >>> halfcheetah-medium-expert-v2.hdf5: 500 trajectories
[03/10/2024 01:01:16 - INFO - __main__] -   >>> >>> Parsing >>> halfcheetah-medium-expert-v2.hdf5: 600 trajectories
[03/10/2024 01:22:57 - INFO - __main__] -   >>> >>> Parsing >>> halfcheetah-medium-expert-v2.hdf5: 700 trajectories
[03/10/2024 01:44:36 - INFO - __main__] -   >>> >>> Parsing >>> halfcheetah-medium-expert-v2.hdf5: 800 trajectories
[03/10/2024 03:06:19 - INFO - __main__] -   >>> >>> Parsing >>> halfcheetah-medium-expert-v2.hdf5: 900 trajectories
[03/10/2024 03:27:53 - INFO - __main__] -   >>> >>> Parsing >>> halfcheetah-medium-expert-v2.hdf5: 1000 trajectories
[03/10/2024 03:45:32 - INFO - __main__] -   >>> >>> Parsing >>> halfcheetah-medium-expert-v2.hdf5: 1100 trajectories
[03/10/2024 04:03:04 - INFO - __main__] -   >>> >>> Parsing >>> halfcheetah-medium-expert-v2.hdf5: 1200 trajectories
[03/10/2024 04:20:36 - INFO - __main__] -   >>> >>> Parsing >>> halfcheetah-medium-expert-v2.hdf5: 1300 trajectories
[03/10/2024 04:38:11 - INFO - __main__] -   >>> >>> Parsing >>> halfcheetah-medium-expert-v2.hdf5: 1400 trajectories
[03/10/2024 04:55:43 - INFO - __main__] -   >>> >>> Parsing >>> halfcheetah-medium-expert-v2.hdf5: 1500 trajectories
[03/10/2024 05:13:20 - INFO - __main__] -   >>> >>> Parsing >>> halfcheetah-medium-expert-v2.hdf5: 1600 trajectories
[03/10/2024 05:30:55 - INFO - __main__] -   >>> >>> Parsing >>> halfcheetah-medium-expert-v2.hdf5: 1700 trajectories
[03/10/2024 05:48:31 - INFO - __main__] -   >>> >>> Parsing >>> halfcheetah-medium-expert-v2.hdf5: 1800 trajectories
[03/10/2024 06:06:07 - INFO - __main__] -   >>> >>> Parsing >>> halfcheetah-medium-expert-v2.hdf5: 1900 trajectories
[03/10/2024 06:23:44 - INFO - __main__] -   >>> >>> Parsing >>> halfcheetah-medium-expert-v2.hdf5: 2000 trajectories
[03/10/2024 06:23:44 - INFO - __main__] -   The number of collected samples: 2000000
[03/10/2024 06:23:44 - INFO - __main__] -   Trajectory rewards: mean = 7713.38037109375, std = 2970.242431640625, max = 11252.03515625, min = -310.23419189453125
[03/10/2024 06:23:44 - INFO - __main__] -   >>> Done halfcheetah-medium-expert-v2.hdf5. Save the trajectories to data/parsed/halfcheetah-medium-expert-v2.hdf5.pkl
[03/10/2024 06:23:47 - INFO - __main__] -   Total Running Time: 24051.5 sec (400.9 min)
