[03/09/2024 22:42:55 - INFO - __main__] -   Namespace(verbose=False, seed=42, save_dir='data', task='parse', env='hopper', level='medium-expert', version='v2', max_len_trajectory=1000)
[03/09/2024 22:42:55 - INFO - __main__] -   >>> There are 1 offline datasets to parse.
[03/09/2024 22:42:56 - INFO - __main__] -   >>> Dataset: hopper-medium-expert-v2.hdf5
[03/09/2024 22:42:56 - INFO - __main__] -   >>> Keys: <KeysViewHDF5 ['actions', 'infos', 'next_observations', 'observations', 'rewards', 'terminals', 'timeouts']>
[03/09/2024 22:43:15 - INFO - __main__] -   >>> >>> Parsing >>> hopper-medium-expert-v2.hdf5: 100 trajectories
[03/09/2024 22:43:36 - INFO - __main__] -   >>> >>> Parsing >>> hopper-medium-expert-v2.hdf5: 200 trajectories
[03/09/2024 22:43:56 - INFO - __main__] -   >>> >>> Parsing >>> hopper-medium-expert-v2.hdf5: 300 trajectories
[03/09/2024 22:44:16 - INFO - __main__] -   >>> >>> Parsing >>> hopper-medium-expert-v2.hdf5: 400 trajectories
[03/09/2024 22:44:37 - INFO - __main__] -   >>> >>> Parsing >>> hopper-medium-expert-v2.hdf5: 500 trajectories
[03/09/2024 22:44:56 - INFO - __main__] -   >>> >>> Parsing >>> hopper-medium-expert-v2.hdf5: 600 trajectories
[03/09/2024 22:45:15 - INFO - __main__] -   >>> >>> Parsing >>> hopper-medium-expert-v2.hdf5: 700 trajectories
[03/09/2024 22:45:33 - INFO - __main__] -   >>> >>> Parsing >>> hopper-medium-expert-v2.hdf5: 800 trajectories
[03/09/2024 22:45:49 - INFO - __main__] -   >>> >>> Parsing >>> hopper-medium-expert-v2.hdf5: 900 trajectories
[03/09/2024 22:46:06 - INFO - __main__] -   >>> >>> Parsing >>> hopper-medium-expert-v2.hdf5: 1000 trajectories
[03/09/2024 22:46:24 - INFO - __main__] -   >>> >>> Parsing >>> hopper-medium-expert-v2.hdf5: 1100 trajectories
[03/09/2024 22:46:41 - INFO - __main__] -   >>> >>> Parsing >>> hopper-medium-expert-v2.hdf5: 1200 trajectories
[03/09/2024 22:46:57 - INFO - __main__] -   >>> >>> Parsing >>> hopper-medium-expert-v2.hdf5: 1300 trajectories
[03/09/2024 22:47:14 - INFO - __main__] -   >>> >>> Parsing >>> hopper-medium-expert-v2.hdf5: 1400 trajectories
[03/09/2024 22:47:31 - INFO - __main__] -   >>> >>> Parsing >>> hopper-medium-expert-v2.hdf5: 1500 trajectories
[03/09/2024 22:47:48 - INFO - __main__] -   >>> >>> Parsing >>> hopper-medium-expert-v2.hdf5: 1600 trajectories
[03/09/2024 22:48:05 - INFO - __main__] -   >>> >>> Parsing >>> hopper-medium-expert-v2.hdf5: 1700 trajectories
[03/09/2024 22:48:22 - INFO - __main__] -   >>> >>> Parsing >>> hopper-medium-expert-v2.hdf5: 1800 trajectories
[03/09/2024 22:48:40 - INFO - __main__] -   >>> >>> Parsing >>> hopper-medium-expert-v2.hdf5: 1900 trajectories
[03/09/2024 22:48:57 - INFO - __main__] -   >>> >>> Parsing >>> hopper-medium-expert-v2.hdf5: 2000 trajectories
[03/09/2024 22:49:15 - INFO - __main__] -   >>> >>> Parsing >>> hopper-medium-expert-v2.hdf5: 2100 trajectories
[03/09/2024 22:49:36 - INFO - __main__] -   >>> >>> Parsing >>> hopper-medium-expert-v2.hdf5: 2200 trajectories
[03/09/2024 22:50:05 - INFO - __main__] -   >>> >>> Parsing >>> hopper-medium-expert-v2.hdf5: 2300 trajectories
[03/09/2024 22:50:34 - INFO - __main__] -   >>> >>> Parsing >>> hopper-medium-expert-v2.hdf5: 2400 trajectories
[03/09/2024 22:51:03 - INFO - __main__] -   >>> >>> Parsing >>> hopper-medium-expert-v2.hdf5: 2500 trajectories
[03/09/2024 22:51:32 - INFO - __main__] -   >>> >>> Parsing >>> hopper-medium-expert-v2.hdf5: 2600 trajectories
[03/09/2024 22:52:02 - INFO - __main__] -   >>> >>> Parsing >>> hopper-medium-expert-v2.hdf5: 2700 trajectories
[03/09/2024 22:52:31 - INFO - __main__] -   >>> >>> Parsing >>> hopper-medium-expert-v2.hdf5: 2800 trajectories
[03/09/2024 22:53:01 - INFO - __main__] -   >>> >>> Parsing >>> hopper-medium-expert-v2.hdf5: 2900 trajectories
[03/09/2024 22:53:30 - INFO - __main__] -   >>> >>> Parsing >>> hopper-medium-expert-v2.hdf5: 3000 trajectories
[03/09/2024 22:53:58 - INFO - __main__] -   >>> >>> Parsing >>> hopper-medium-expert-v2.hdf5: 3100 trajectories
[03/09/2024 22:54:28 - INFO - __main__] -   >>> >>> Parsing >>> hopper-medium-expert-v2.hdf5: 3200 trajectories
[03/09/2024 22:54:31 - INFO - __main__] -   The number of collected samples: 1999400
[03/09/2024 22:54:31 - INFO - __main__] -   Trajectory rewards: mean = 2089.87841796875, std = 1039.9569091796875, max = 3759.083740234375, min = 315.8680114746094
[03/09/2024 22:54:31 - INFO - __main__] -   >>> Done hopper-medium-expert-v2.hdf5. Save the trajectories to data/parsed/hopper-medium-expert-v2.hdf5.pkl
[03/09/2024 22:54:34 - INFO - __main__] -   Total Running Time: 698.0 sec (11.6 min)
