[03/09/2024 22:42:55 - INFO - __main__] -   Namespace(verbose=False, seed=42, save_dir='data', task='parse', env='hopper', level='random', version='v2', max_len_trajectory=1000)
[03/09/2024 22:42:55 - INFO - __main__] -   >>> There are 1 offline datasets to parse.
[03/09/2024 22:42:55 - INFO - __main__] -   >>> Dataset: hopper-random-v2.hdf5
[03/09/2024 22:42:55 - INFO - __main__] -   >>> Keys: <KeysViewHDF5 ['actions', 'infos', 'next_observations', 'observations', 'rewards', 'terminals', 'timeouts']>
[03/09/2024 22:42:56 - INFO - __main__] -   >>> >>> Parsing >>> hopper-random-v2.hdf5: 100 trajectories
[03/09/2024 22:42:56 - INFO - __main__] -   >>> >>> Parsing >>> hopper-random-v2.hdf5: 200 trajectories
[03/09/2024 22:42:57 - INFO - __main__] -   >>> >>> Parsing >>> hopper-random-v2.hdf5: 300 trajectories
[03/09/2024 22:42:58 - INFO - __main__] -   >>> >>> Parsing >>> hopper-random-v2.hdf5: 400 trajectories
[03/09/2024 22:42:59 - INFO - __main__] -   >>> >>> Parsing >>> hopper-random-v2.hdf5: 500 trajectories
[03/09/2024 22:43:00 - INFO - __main__] -   >>> >>> Parsing >>> hopper-random-v2.hdf5: 600 trajectories
[03/09/2024 22:43:01 - INFO - __main__] -   >>> >>> Parsing >>> hopper-random-v2.hdf5: 700 trajectories
[03/09/2024 22:43:02 - INFO - __main__] -   >>> >>> Parsing >>> hopper-random-v2.hdf5: 800 trajectories
[03/09/2024 22:43:03 - INFO - __main__] -   >>> >>> Parsing >>> hopper-random-v2.hdf5: 900 trajectories
[03/09/2024 22:43:05 - INFO - __main__] -   >>> >>> Parsing >>> hopper-random-v2.hdf5: 1000 trajectories
[03/09/2024 22:43:05 - INFO - __main__] -   >>> >>> Parsing >>> hopper-random-v2.hdf5: 1100 trajectories
[03/09/2024 22:43:07 - INFO - __main__] -   >>> >>> Parsing >>> hopper-random-v2.hdf5: 1200 trajectories
[03/09/2024 22:43:08 - INFO - __main__] -   >>> >>> Parsing >>> hopper-random-v2.hdf5: 1300 trajectories
[03/09/2024 22:43:09 - INFO - __main__] -   >>> >>> Parsing >>> hopper-random-v2.hdf5: 1400 trajectories
[03/09/2024 22:43:10 - INFO - __main__] -   >>> >>> Parsing >>> hopper-random-v2.hdf5: 1500 trajectories
[03/09/2024 22:43:11 - INFO - __main__] -   >>> >>> Parsing >>> hopper-random-v2.hdf5: 1600 trajectories
[03/09/2024 22:43:12 - INFO - __main__] -   >>> >>> Parsing >>> hopper-random-v2.hdf5: 1700 trajectories
[03/09/2024 22:43:13 - INFO - __main__] -   >>> >>> Parsing >>> hopper-random-v2.hdf5: 1800 trajectories
[03/09/2024 22:43:14 - INFO - __main__] -   >>> >>> Parsing >>> hopper-random-v2.hdf5: 1900 trajectories
[03/09/2024 22:43:15 - INFO - __main__] -   >>> >>> Parsing >>> hopper-random-v2.hdf5: 2000 trajectories
[03/09/2024 22:43:16 - INFO - __main__] -   >>> >>> Parsing >>> hopper-random-v2.hdf5: 2100 trajectories
[03/09/2024 22:43:17 - INFO - __main__] -   >>> >>> Parsing >>> hopper-random-v2.hdf5: 2200 trajectories
[03/09/2024 22:43:18 - INFO - __main__] -   >>> >>> Parsing >>> hopper-random-v2.hdf5: 2300 trajectories
[03/09/2024 22:43:19 - INFO - __main__] -   >>> >>> Parsing >>> hopper-random-v2.hdf5: 2400 trajectories
[03/09/2024 22:43:20 - INFO - __main__] -   >>> >>> Parsing >>> hopper-random-v2.hdf5: 2500 trajectories
[03/09/2024 22:43:22 - INFO - __main__] -   >>> >>> Parsing >>> hopper-random-v2.hdf5: 2600 trajectories
[03/09/2024 22:43:23 - INFO - __main__] -   >>> >>> Parsing >>> hopper-random-v2.hdf5: 2700 trajectories
[03/09/2024 22:43:24 - INFO - __main__] -   >>> >>> Parsing >>> hopper-random-v2.hdf5: 2800 trajectories
[03/09/2024 22:43:25 - INFO - __main__] -   >>> >>> Parsing >>> hopper-random-v2.hdf5: 2900 trajectories
[03/09/2024 22:43:26 - INFO - __main__] -   >>> >>> Parsing >>> hopper-random-v2.hdf5: 3000 trajectories
[03/09/2024 22:43:27 - INFO - __main__] -   >>> >>> Parsing >>> hopper-random-v2.hdf5: 3100 trajectories
[03/09/2024 22:43:28 - INFO - __main__] -   >>> >>> Parsing >>> hopper-random-v2.hdf5: 3200 trajectories
[03/09/2024 22:43:29 - INFO - __main__] -   >>> >>> Parsing >>> hopper-random-v2.hdf5: 3300 trajectories
[03/09/2024 22:43:30 - INFO - __main__] -   >>> >>> Parsing >>> hopper-random-v2.hdf5: 3400 trajectories
[03/09/2024 22:43:31 - INFO - __main__] -   >>> >>> Parsing >>> hopper-random-v2.hdf5: 3500 trajectories
[03/09/2024 22:43:32 - INFO - __main__] -   >>> >>> Parsing >>> hopper-random-v2.hdf5: 3600 trajectories
[03/09/2024 22:43:33 - INFO - __main__] -   >>> >>> Parsing >>> hopper-random-v2.hdf5: 3700 trajectories
[03/09/2024 22:43:35 - INFO - __main__] -   >>> >>> Parsing >>> hopper-random-v2.hdf5: 3800 trajectories
[03/09/2024 22:43:36 - INFO - __main__] -   >>> >>> Parsing >>> hopper-random-v2.hdf5: 3900 trajectories
[03/09/2024 22:43:37 - INFO - __main__] -   >>> >>> Parsing >>> hopper-random-v2.hdf5: 4000 trajectories
[03/09/2024 22:43:38 - INFO - __main__] -   >>> >>> Parsing >>> hopper-random-v2.hdf5: 4100 trajectories
[03/09/2024 22:43:39 - INFO - __main__] -   >>> >>> Parsing >>> hopper-random-v2.hdf5: 4200 trajectories
[03/09/2024 22:43:40 - INFO - __main__] -   >>> >>> Parsing >>> hopper-random-v2.hdf5: 4300 trajectories
[03/09/2024 22:43:41 - INFO - __main__] -   >>> >>> Parsing >>> hopper-random-v2.hdf5: 4400 trajectories
[03/09/2024 22:43:42 - INFO - __main__] -   >>> >>> Parsing >>> hopper-random-v2.hdf5: 4500 trajectories
[03/09/2024 22:43:43 - INFO - __main__] -   >>> >>> Parsing >>> hopper-random-v2.hdf5: 4600 trajectories
[03/09/2024 22:43:44 - INFO - __main__] -   >>> >>> Parsing >>> hopper-random-v2.hdf5: 4700 trajectories
[03/09/2024 22:43:45 - INFO - __main__] -   >>> >>> Parsing >>> hopper-random-v2.hdf5: 4800 trajectories
[03/09/2024 22:43:46 - INFO - __main__] -   >>> >>> Parsing >>> hopper-random-v2.hdf5: 4900 trajectories
[03/09/2024 22:43:48 - INFO - __main__] -   >>> >>> Parsing >>> hopper-random-v2.hdf5: 5000 trajectories
[03/09/2024 22:43:49 - INFO - __main__] -   >>> >>> Parsing >>> hopper-random-v2.hdf5: 5100 trajectories
[03/09/2024 22:43:50 - INFO - __main__] -   >>> >>> Parsing >>> hopper-random-v2.hdf5: 5200 trajectories
[03/09/2024 22:43:51 - INFO - __main__] -   >>> >>> Parsing >>> hopper-random-v2.hdf5: 5300 trajectories
[03/09/2024 22:43:52 - INFO - __main__] -   >>> >>> Parsing >>> hopper-random-v2.hdf5: 5400 trajectories
[03/09/2024 22:43:53 - INFO - __main__] -   >>> >>> Parsing >>> hopper-random-v2.hdf5: 5500 trajectories
[03/09/2024 22:43:54 - INFO - __main__] -   >>> >>> Parsing >>> hopper-random-v2.hdf5: 5600 trajectories
[03/09/2024 22:43:55 - INFO - __main__] -   >>> >>> Parsing >>> hopper-random-v2.hdf5: 5700 trajectories
[03/09/2024 22:43:55 - INFO - __main__] -   >>> >>> Parsing >>> hopper-random-v2.hdf5: 5800 trajectories
[03/09/2024 22:43:56 - INFO - __main__] -   >>> >>> Parsing >>> hopper-random-v2.hdf5: 5900 trajectories
[03/09/2024 22:43:57 - INFO - __main__] -   >>> >>> Parsing >>> hopper-random-v2.hdf5: 6000 trajectories
[03/09/2024 22:43:58 - INFO - __main__] -   >>> >>> Parsing >>> hopper-random-v2.hdf5: 6100 trajectories
[03/09/2024 22:43:59 - INFO - __main__] -   >>> >>> Parsing >>> hopper-random-v2.hdf5: 6200 trajectories
[03/09/2024 22:44:00 - INFO - __main__] -   >>> >>> Parsing >>> hopper-random-v2.hdf5: 6300 trajectories
[03/09/2024 22:44:01 - INFO - __main__] -   >>> >>> Parsing >>> hopper-random-v2.hdf5: 6400 trajectories
[03/09/2024 22:44:01 - INFO - __main__] -   >>> >>> Parsing >>> hopper-random-v2.hdf5: 6500 trajectories
[03/09/2024 22:44:03 - INFO - __main__] -   >>> >>> Parsing >>> hopper-random-v2.hdf5: 6600 trajectories
[03/09/2024 22:44:03 - INFO - __main__] -   >>> >>> Parsing >>> hopper-random-v2.hdf5: 6700 trajectories
[03/09/2024 22:44:04 - INFO - __main__] -   >>> >>> Parsing >>> hopper-random-v2.hdf5: 6800 trajectories
[03/09/2024 22:44:06 - INFO - __main__] -   >>> >>> Parsing >>> hopper-random-v2.hdf5: 6900 trajectories
[03/09/2024 22:44:07 - INFO - __main__] -   >>> >>> Parsing >>> hopper-random-v2.hdf5: 7000 trajectories
[03/09/2024 22:44:08 - INFO - __main__] -   >>> >>> Parsing >>> hopper-random-v2.hdf5: 7100 trajectories
[03/09/2024 22:44:09 - INFO - __main__] -   >>> >>> Parsing >>> hopper-random-v2.hdf5: 7200 trajectories
[03/09/2024 22:44:10 - INFO - __main__] -   >>> >>> Parsing >>> hopper-random-v2.hdf5: 7300 trajectories
[03/09/2024 22:44:11 - INFO - __main__] -   >>> >>> Parsing >>> hopper-random-v2.hdf5: 7400 trajectories
[03/09/2024 22:44:12 - INFO - __main__] -   >>> >>> Parsing >>> hopper-random-v2.hdf5: 7500 trajectories
[03/09/2024 22:44:13 - INFO - __main__] -   >>> >>> Parsing >>> hopper-random-v2.hdf5: 7600 trajectories
[03/09/2024 22:44:14 - INFO - __main__] -   >>> >>> Parsing >>> hopper-random-v2.hdf5: 7700 trajectories
[03/09/2024 22:44:15 - INFO - __main__] -   >>> >>> Parsing >>> hopper-random-v2.hdf5: 7800 trajectories
[03/09/2024 22:44:16 - INFO - __main__] -   >>> >>> Parsing >>> hopper-random-v2.hdf5: 7900 trajectories
[03/09/2024 22:44:17 - INFO - __main__] -   >>> >>> Parsing >>> hopper-random-v2.hdf5: 8000 trajectories
[03/09/2024 22:44:18 - INFO - __main__] -   >>> >>> Parsing >>> hopper-random-v2.hdf5: 8100 trajectories
[03/09/2024 22:44:19 - INFO - __main__] -   >>> >>> Parsing >>> hopper-random-v2.hdf5: 8200 trajectories
[03/09/2024 22:44:20 - INFO - __main__] -   >>> >>> Parsing >>> hopper-random-v2.hdf5: 8300 trajectories
[03/09/2024 22:44:21 - INFO - __main__] -   >>> >>> Parsing >>> hopper-random-v2.hdf5: 8400 trajectories
[03/09/2024 22:44:22 - INFO - __main__] -   >>> >>> Parsing >>> hopper-random-v2.hdf5: 8500 trajectories
[03/09/2024 22:44:23 - INFO - __main__] -   >>> >>> Parsing >>> hopper-random-v2.hdf5: 8600 trajectories
[03/09/2024 22:44:24 - INFO - __main__] -   >>> >>> Parsing >>> hopper-random-v2.hdf5: 8700 trajectories
[03/09/2024 22:44:25 - INFO - __main__] -   >>> >>> Parsing >>> hopper-random-v2.hdf5: 8800 trajectories
[03/09/2024 22:44:26 - INFO - __main__] -   >>> >>> Parsing >>> hopper-random-v2.hdf5: 8900 trajectories
[03/09/2024 22:44:27 - INFO - __main__] -   >>> >>> Parsing >>> hopper-random-v2.hdf5: 9000 trajectories
[03/09/2024 22:44:28 - INFO - __main__] -   >>> >>> Parsing >>> hopper-random-v2.hdf5: 9100 trajectories
[03/09/2024 22:44:29 - INFO - __main__] -   >>> >>> Parsing >>> hopper-random-v2.hdf5: 9200 trajectories
[03/09/2024 22:44:30 - INFO - __main__] -   >>> >>> Parsing >>> hopper-random-v2.hdf5: 9300 trajectories
[03/09/2024 22:44:31 - INFO - __main__] -   >>> >>> Parsing >>> hopper-random-v2.hdf5: 9400 trajectories
[03/09/2024 22:44:32 - INFO - __main__] -   >>> >>> Parsing >>> hopper-random-v2.hdf5: 9500 trajectories
[03/09/2024 22:44:34 - INFO - __main__] -   >>> >>> Parsing >>> hopper-random-v2.hdf5: 9600 trajectories
[03/09/2024 22:44:34 - INFO - __main__] -   >>> >>> Parsing >>> hopper-random-v2.hdf5: 9700 trajectories
[03/09/2024 22:44:35 - INFO - __main__] -   >>> >>> Parsing >>> hopper-random-v2.hdf5: 9800 trajectories
[03/09/2024 22:44:36 - INFO - __main__] -   >>> >>> Parsing >>> hopper-random-v2.hdf5: 9900 trajectories
[03/09/2024 22:44:37 - INFO - __main__] -   >>> >>> Parsing >>> hopper-random-v2.hdf5: 10000 trajectories
[03/09/2024 22:44:38 - INFO - __main__] -   >>> >>> Parsing >>> hopper-random-v2.hdf5: 10100 trajectories
[03/09/2024 22:44:39 - INFO - __main__] -   >>> >>> Parsing >>> hopper-random-v2.hdf5: 10200 trajectories
[03/09/2024 22:44:40 - INFO - __main__] -   >>> >>> Parsing >>> hopper-random-v2.hdf5: 10300 trajectories
[03/09/2024 22:44:41 - INFO - __main__] -   >>> >>> Parsing >>> hopper-random-v2.hdf5: 10400 trajectories
[03/09/2024 22:44:41 - INFO - __main__] -   >>> >>> Parsing >>> hopper-random-v2.hdf5: 10500 trajectories
[03/09/2024 22:44:42 - INFO - __main__] -   >>> >>> Parsing >>> hopper-random-v2.hdf5: 10600 trajectories
[03/09/2024 22:44:43 - INFO - __main__] -   >>> >>> Parsing >>> hopper-random-v2.hdf5: 10700 trajectories
[03/09/2024 22:44:43 - INFO - __main__] -   >>> >>> Parsing >>> hopper-random-v2.hdf5: 10800 trajectories
[03/09/2024 22:44:44 - INFO - __main__] -   >>> >>> Parsing >>> hopper-random-v2.hdf5: 10900 trajectories
[03/09/2024 22:44:45 - INFO - __main__] -   >>> >>> Parsing >>> hopper-random-v2.hdf5: 11000 trajectories
[03/09/2024 22:44:46 - INFO - __main__] -   >>> >>> Parsing >>> hopper-random-v2.hdf5: 11100 trajectories
[03/09/2024 22:44:46 - INFO - __main__] -   >>> >>> Parsing >>> hopper-random-v2.hdf5: 11200 trajectories
[03/09/2024 22:44:47 - INFO - __main__] -   >>> >>> Parsing >>> hopper-random-v2.hdf5: 11300 trajectories
[03/09/2024 22:44:48 - INFO - __main__] -   >>> >>> Parsing >>> hopper-random-v2.hdf5: 11400 trajectories
[03/09/2024 22:44:48 - INFO - __main__] -   >>> >>> Parsing >>> hopper-random-v2.hdf5: 11500 trajectories
[03/09/2024 22:44:49 - INFO - __main__] -   >>> >>> Parsing >>> hopper-random-v2.hdf5: 11600 trajectories
[03/09/2024 22:44:50 - INFO - __main__] -   >>> >>> Parsing >>> hopper-random-v2.hdf5: 11700 trajectories
[03/09/2024 22:44:51 - INFO - __main__] -   >>> >>> Parsing >>> hopper-random-v2.hdf5: 11800 trajectories
[03/09/2024 22:44:52 - INFO - __main__] -   >>> >>> Parsing >>> hopper-random-v2.hdf5: 11900 trajectories
[03/09/2024 22:44:53 - INFO - __main__] -   >>> >>> Parsing >>> hopper-random-v2.hdf5: 12000 trajectories
[03/09/2024 22:44:54 - INFO - __main__] -   >>> >>> Parsing >>> hopper-random-v2.hdf5: 12100 trajectories
[03/09/2024 22:44:55 - INFO - __main__] -   >>> >>> Parsing >>> hopper-random-v2.hdf5: 12200 trajectories
[03/09/2024 22:44:56 - INFO - __main__] -   >>> >>> Parsing >>> hopper-random-v2.hdf5: 12300 trajectories
[03/09/2024 22:44:57 - INFO - __main__] -   >>> >>> Parsing >>> hopper-random-v2.hdf5: 12400 trajectories
[03/09/2024 22:44:58 - INFO - __main__] -   >>> >>> Parsing >>> hopper-random-v2.hdf5: 12500 trajectories
[03/09/2024 22:44:59 - INFO - __main__] -   >>> >>> Parsing >>> hopper-random-v2.hdf5: 12600 trajectories
[03/09/2024 22:45:00 - INFO - __main__] -   >>> >>> Parsing >>> hopper-random-v2.hdf5: 12700 trajectories
[03/09/2024 22:45:01 - INFO - __main__] -   >>> >>> Parsing >>> hopper-random-v2.hdf5: 12800 trajectories
[03/09/2024 22:45:02 - INFO - __main__] -   >>> >>> Parsing >>> hopper-random-v2.hdf5: 12900 trajectories
[03/09/2024 22:45:03 - INFO - __main__] -   >>> >>> Parsing >>> hopper-random-v2.hdf5: 13000 trajectories
[03/09/2024 22:45:04 - INFO - __main__] -   >>> >>> Parsing >>> hopper-random-v2.hdf5: 13100 trajectories
[03/09/2024 22:45:05 - INFO - __main__] -   >>> >>> Parsing >>> hopper-random-v2.hdf5: 13200 trajectories
[03/09/2024 22:45:06 - INFO - __main__] -   >>> >>> Parsing >>> hopper-random-v2.hdf5: 13300 trajectories
[03/09/2024 22:45:07 - INFO - __main__] -   >>> >>> Parsing >>> hopper-random-v2.hdf5: 13400 trajectories
[03/09/2024 22:45:08 - INFO - __main__] -   >>> >>> Parsing >>> hopper-random-v2.hdf5: 13500 trajectories
[03/09/2024 22:45:09 - INFO - __main__] -   >>> >>> Parsing >>> hopper-random-v2.hdf5: 13600 trajectories
[03/09/2024 22:45:10 - INFO - __main__] -   >>> >>> Parsing >>> hopper-random-v2.hdf5: 13700 trajectories
[03/09/2024 22:45:11 - INFO - __main__] -   >>> >>> Parsing >>> hopper-random-v2.hdf5: 13800 trajectories
[03/09/2024 22:45:12 - INFO - __main__] -   >>> >>> Parsing >>> hopper-random-v2.hdf5: 13900 trajectories
[03/09/2024 22:45:13 - INFO - __main__] -   >>> >>> Parsing >>> hopper-random-v2.hdf5: 14000 trajectories
[03/09/2024 22:45:14 - INFO - __main__] -   >>> >>> Parsing >>> hopper-random-v2.hdf5: 14100 trajectories
[03/09/2024 22:45:15 - INFO - __main__] -   >>> >>> Parsing >>> hopper-random-v2.hdf5: 14200 trajectories
[03/09/2024 22:45:16 - INFO - __main__] -   >>> >>> Parsing >>> hopper-random-v2.hdf5: 14300 trajectories
[03/09/2024 22:45:17 - INFO - __main__] -   >>> >>> Parsing >>> hopper-random-v2.hdf5: 14400 trajectories
[03/09/2024 22:45:18 - INFO - __main__] -   >>> >>> Parsing >>> hopper-random-v2.hdf5: 14500 trajectories
[03/09/2024 22:45:19 - INFO - __main__] -   >>> >>> Parsing >>> hopper-random-v2.hdf5: 14600 trajectories
[03/09/2024 22:45:20 - INFO - __main__] -   >>> >>> Parsing >>> hopper-random-v2.hdf5: 14700 trajectories
[03/09/2024 22:45:21 - INFO - __main__] -   >>> >>> Parsing >>> hopper-random-v2.hdf5: 14800 trajectories
[03/09/2024 22:45:22 - INFO - __main__] -   >>> >>> Parsing >>> hopper-random-v2.hdf5: 14900 trajectories
[03/09/2024 22:45:23 - INFO - __main__] -   >>> >>> Parsing >>> hopper-random-v2.hdf5: 15000 trajectories
[03/09/2024 22:45:24 - INFO - __main__] -   >>> >>> Parsing >>> hopper-random-v2.hdf5: 15100 trajectories
[03/09/2024 22:45:25 - INFO - __main__] -   >>> >>> Parsing >>> hopper-random-v2.hdf5: 15200 trajectories
[03/09/2024 22:45:26 - INFO - __main__] -   >>> >>> Parsing >>> hopper-random-v2.hdf5: 15300 trajectories
[03/09/2024 22:45:27 - INFO - __main__] -   >>> >>> Parsing >>> hopper-random-v2.hdf5: 15400 trajectories
[03/09/2024 22:45:28 - INFO - __main__] -   >>> >>> Parsing >>> hopper-random-v2.hdf5: 15500 trajectories
[03/09/2024 22:45:29 - INFO - __main__] -   >>> >>> Parsing >>> hopper-random-v2.hdf5: 15600 trajectories
[03/09/2024 22:45:30 - INFO - __main__] -   >>> >>> Parsing >>> hopper-random-v2.hdf5: 15700 trajectories
[03/09/2024 22:45:30 - INFO - __main__] -   >>> >>> Parsing >>> hopper-random-v2.hdf5: 15800 trajectories
[03/09/2024 22:45:31 - INFO - __main__] -   >>> >>> Parsing >>> hopper-random-v2.hdf5: 15900 trajectories
[03/09/2024 22:45:32 - INFO - __main__] -   >>> >>> Parsing >>> hopper-random-v2.hdf5: 16000 trajectories
[03/09/2024 22:45:33 - INFO - __main__] -   >>> >>> Parsing >>> hopper-random-v2.hdf5: 16100 trajectories
[03/09/2024 22:45:34 - INFO - __main__] -   >>> >>> Parsing >>> hopper-random-v2.hdf5: 16200 trajectories
[03/09/2024 22:45:35 - INFO - __main__] -   >>> >>> Parsing >>> hopper-random-v2.hdf5: 16300 trajectories
[03/09/2024 22:45:36 - INFO - __main__] -   >>> >>> Parsing >>> hopper-random-v2.hdf5: 16400 trajectories
[03/09/2024 22:45:37 - INFO - __main__] -   >>> >>> Parsing >>> hopper-random-v2.hdf5: 16500 trajectories
[03/09/2024 22:45:38 - INFO - __main__] -   >>> >>> Parsing >>> hopper-random-v2.hdf5: 16600 trajectories
[03/09/2024 22:45:39 - INFO - __main__] -   >>> >>> Parsing >>> hopper-random-v2.hdf5: 16700 trajectories
[03/09/2024 22:45:40 - INFO - __main__] -   >>> >>> Parsing >>> hopper-random-v2.hdf5: 16800 trajectories
[03/09/2024 22:45:41 - INFO - __main__] -   >>> >>> Parsing >>> hopper-random-v2.hdf5: 16900 trajectories
[03/09/2024 22:45:42 - INFO - __main__] -   >>> >>> Parsing >>> hopper-random-v2.hdf5: 17000 trajectories
[03/09/2024 22:45:43 - INFO - __main__] -   >>> >>> Parsing >>> hopper-random-v2.hdf5: 17100 trajectories
[03/09/2024 22:45:44 - INFO - __main__] -   >>> >>> Parsing >>> hopper-random-v2.hdf5: 17200 trajectories
[03/09/2024 22:45:44 - INFO - __main__] -   >>> >>> Parsing >>> hopper-random-v2.hdf5: 17300 trajectories
[03/09/2024 22:45:45 - INFO - __main__] -   >>> >>> Parsing >>> hopper-random-v2.hdf5: 17400 trajectories
[03/09/2024 22:45:46 - INFO - __main__] -   >>> >>> Parsing >>> hopper-random-v2.hdf5: 17500 trajectories
[03/09/2024 22:45:47 - INFO - __main__] -   >>> >>> Parsing >>> hopper-random-v2.hdf5: 17600 trajectories
[03/09/2024 22:45:48 - INFO - __main__] -   >>> >>> Parsing >>> hopper-random-v2.hdf5: 17700 trajectories
[03/09/2024 22:45:49 - INFO - __main__] -   >>> >>> Parsing >>> hopper-random-v2.hdf5: 17800 trajectories
[03/09/2024 22:45:50 - INFO - __main__] -   >>> >>> Parsing >>> hopper-random-v2.hdf5: 17900 trajectories
[03/09/2024 22:45:51 - INFO - __main__] -   >>> >>> Parsing >>> hopper-random-v2.hdf5: 18000 trajectories
[03/09/2024 22:45:52 - INFO - __main__] -   >>> >>> Parsing >>> hopper-random-v2.hdf5: 18100 trajectories
[03/09/2024 22:45:53 - INFO - __main__] -   >>> >>> Parsing >>> hopper-random-v2.hdf5: 18200 trajectories
[03/09/2024 22:45:54 - INFO - __main__] -   >>> >>> Parsing >>> hopper-random-v2.hdf5: 18300 trajectories
[03/09/2024 22:45:54 - INFO - __main__] -   >>> >>> Parsing >>> hopper-random-v2.hdf5: 18400 trajectories
[03/09/2024 22:45:55 - INFO - __main__] -   >>> >>> Parsing >>> hopper-random-v2.hdf5: 18500 trajectories
[03/09/2024 22:45:56 - INFO - __main__] -   >>> >>> Parsing >>> hopper-random-v2.hdf5: 18600 trajectories
[03/09/2024 22:45:57 - INFO - __main__] -   >>> >>> Parsing >>> hopper-random-v2.hdf5: 18700 trajectories
[03/09/2024 22:45:58 - INFO - __main__] -   >>> >>> Parsing >>> hopper-random-v2.hdf5: 18800 trajectories
[03/09/2024 22:45:59 - INFO - __main__] -   >>> >>> Parsing >>> hopper-random-v2.hdf5: 18900 trajectories
[03/09/2024 22:45:59 - INFO - __main__] -   >>> >>> Parsing >>> hopper-random-v2.hdf5: 19000 trajectories
[03/09/2024 22:46:00 - INFO - __main__] -   >>> >>> Parsing >>> hopper-random-v2.hdf5: 19100 trajectories
[03/09/2024 22:46:01 - INFO - __main__] -   >>> >>> Parsing >>> hopper-random-v2.hdf5: 19200 trajectories
[03/09/2024 22:46:02 - INFO - __main__] -   >>> >>> Parsing >>> hopper-random-v2.hdf5: 19300 trajectories
[03/09/2024 22:46:03 - INFO - __main__] -   >>> >>> Parsing >>> hopper-random-v2.hdf5: 19400 trajectories
[03/09/2024 22:46:04 - INFO - __main__] -   >>> >>> Parsing >>> hopper-random-v2.hdf5: 19500 trajectories
[03/09/2024 22:46:05 - INFO - __main__] -   >>> >>> Parsing >>> hopper-random-v2.hdf5: 19600 trajectories
[03/09/2024 22:46:06 - INFO - __main__] -   >>> >>> Parsing >>> hopper-random-v2.hdf5: 19700 trajectories
[03/09/2024 22:46:07 - INFO - __main__] -   >>> >>> Parsing >>> hopper-random-v2.hdf5: 19800 trajectories
[03/09/2024 22:46:08 - INFO - __main__] -   >>> >>> Parsing >>> hopper-random-v2.hdf5: 19900 trajectories
[03/09/2024 22:46:09 - INFO - __main__] -   >>> >>> Parsing >>> hopper-random-v2.hdf5: 20000 trajectories
[03/09/2024 22:46:10 - INFO - __main__] -   >>> >>> Parsing >>> hopper-random-v2.hdf5: 20100 trajectories
[03/09/2024 22:46:11 - INFO - __main__] -   >>> >>> Parsing >>> hopper-random-v2.hdf5: 20200 trajectories
[03/09/2024 22:46:11 - INFO - __main__] -   >>> >>> Parsing >>> hopper-random-v2.hdf5: 20300 trajectories
[03/09/2024 22:46:12 - INFO - __main__] -   >>> >>> Parsing >>> hopper-random-v2.hdf5: 20400 trajectories
[03/09/2024 22:46:13 - INFO - __main__] -   >>> >>> Parsing >>> hopper-random-v2.hdf5: 20500 trajectories
[03/09/2024 22:46:13 - INFO - __main__] -   >>> >>> Parsing >>> hopper-random-v2.hdf5: 20600 trajectories
[03/09/2024 22:46:14 - INFO - __main__] -   >>> >>> Parsing >>> hopper-random-v2.hdf5: 20700 trajectories
[03/09/2024 22:46:15 - INFO - __main__] -   >>> >>> Parsing >>> hopper-random-v2.hdf5: 20800 trajectories
[03/09/2024 22:46:15 - INFO - __main__] -   >>> >>> Parsing >>> hopper-random-v2.hdf5: 20900 trajectories
[03/09/2024 22:46:16 - INFO - __main__] -   >>> >>> Parsing >>> hopper-random-v2.hdf5: 21000 trajectories
[03/09/2024 22:46:17 - INFO - __main__] -   >>> >>> Parsing >>> hopper-random-v2.hdf5: 21100 trajectories
[03/09/2024 22:46:18 - INFO - __main__] -   >>> >>> Parsing >>> hopper-random-v2.hdf5: 21200 trajectories
[03/09/2024 22:46:19 - INFO - __main__] -   >>> >>> Parsing >>> hopper-random-v2.hdf5: 21300 trajectories
[03/09/2024 22:46:20 - INFO - __main__] -   >>> >>> Parsing >>> hopper-random-v2.hdf5: 21400 trajectories
[03/09/2024 22:46:20 - INFO - __main__] -   >>> >>> Parsing >>> hopper-random-v2.hdf5: 21500 trajectories
[03/09/2024 22:46:21 - INFO - __main__] -   >>> >>> Parsing >>> hopper-random-v2.hdf5: 21600 trajectories
[03/09/2024 22:46:22 - INFO - __main__] -   >>> >>> Parsing >>> hopper-random-v2.hdf5: 21700 trajectories
[03/09/2024 22:46:23 - INFO - __main__] -   >>> >>> Parsing >>> hopper-random-v2.hdf5: 21800 trajectories
[03/09/2024 22:46:23 - INFO - __main__] -   >>> >>> Parsing >>> hopper-random-v2.hdf5: 21900 trajectories
[03/09/2024 22:46:24 - INFO - __main__] -   >>> >>> Parsing >>> hopper-random-v2.hdf5: 22000 trajectories
[03/09/2024 22:46:25 - INFO - __main__] -   >>> >>> Parsing >>> hopper-random-v2.hdf5: 22100 trajectories
[03/09/2024 22:46:26 - INFO - __main__] -   >>> >>> Parsing >>> hopper-random-v2.hdf5: 22200 trajectories
[03/09/2024 22:46:27 - INFO - __main__] -   >>> >>> Parsing >>> hopper-random-v2.hdf5: 22300 trajectories
[03/09/2024 22:46:27 - INFO - __main__] -   >>> >>> Parsing >>> hopper-random-v2.hdf5: 22400 trajectories
[03/09/2024 22:46:28 - INFO - __main__] -   >>> >>> Parsing >>> hopper-random-v2.hdf5: 22500 trajectories
[03/09/2024 22:46:29 - INFO - __main__] -   >>> >>> Parsing >>> hopper-random-v2.hdf5: 22600 trajectories
[03/09/2024 22:46:30 - INFO - __main__] -   >>> >>> Parsing >>> hopper-random-v2.hdf5: 22700 trajectories
[03/09/2024 22:46:30 - INFO - __main__] -   >>> >>> Parsing >>> hopper-random-v2.hdf5: 22800 trajectories
[03/09/2024 22:46:31 - INFO - __main__] -   >>> >>> Parsing >>> hopper-random-v2.hdf5: 22900 trajectories
[03/09/2024 22:46:32 - INFO - __main__] -   >>> >>> Parsing >>> hopper-random-v2.hdf5: 23000 trajectories
[03/09/2024 22:46:33 - INFO - __main__] -   >>> >>> Parsing >>> hopper-random-v2.hdf5: 23100 trajectories
[03/09/2024 22:46:34 - INFO - __main__] -   >>> >>> Parsing >>> hopper-random-v2.hdf5: 23200 trajectories
[03/09/2024 22:46:34 - INFO - __main__] -   >>> >>> Parsing >>> hopper-random-v2.hdf5: 23300 trajectories
[03/09/2024 22:46:35 - INFO - __main__] -   >>> >>> Parsing >>> hopper-random-v2.hdf5: 23400 trajectories
[03/09/2024 22:46:36 - INFO - __main__] -   >>> >>> Parsing >>> hopper-random-v2.hdf5: 23500 trajectories
[03/09/2024 22:46:37 - INFO - __main__] -   >>> >>> Parsing >>> hopper-random-v2.hdf5: 23600 trajectories
[03/09/2024 22:46:38 - INFO - __main__] -   >>> >>> Parsing >>> hopper-random-v2.hdf5: 23700 trajectories
[03/09/2024 22:46:39 - INFO - __main__] -   >>> >>> Parsing >>> hopper-random-v2.hdf5: 23800 trajectories
[03/09/2024 22:46:39 - INFO - __main__] -   >>> >>> Parsing >>> hopper-random-v2.hdf5: 23900 trajectories
[03/09/2024 22:46:40 - INFO - __main__] -   >>> >>> Parsing >>> hopper-random-v2.hdf5: 24000 trajectories
[03/09/2024 22:46:41 - INFO - __main__] -   >>> >>> Parsing >>> hopper-random-v2.hdf5: 24100 trajectories
[03/09/2024 22:46:42 - INFO - __main__] -   >>> >>> Parsing >>> hopper-random-v2.hdf5: 24200 trajectories
[03/09/2024 22:46:43 - INFO - __main__] -   >>> >>> Parsing >>> hopper-random-v2.hdf5: 24300 trajectories
[03/09/2024 22:46:44 - INFO - __main__] -   >>> >>> Parsing >>> hopper-random-v2.hdf5: 24400 trajectories
[03/09/2024 22:46:45 - INFO - __main__] -   >>> >>> Parsing >>> hopper-random-v2.hdf5: 24500 trajectories
[03/09/2024 22:46:45 - INFO - __main__] -   >>> >>> Parsing >>> hopper-random-v2.hdf5: 24600 trajectories
[03/09/2024 22:46:46 - INFO - __main__] -   >>> >>> Parsing >>> hopper-random-v2.hdf5: 24700 trajectories
[03/09/2024 22:46:47 - INFO - __main__] -   >>> >>> Parsing >>> hopper-random-v2.hdf5: 24800 trajectories
[03/09/2024 22:46:48 - INFO - __main__] -   >>> >>> Parsing >>> hopper-random-v2.hdf5: 24900 trajectories
[03/09/2024 22:46:49 - INFO - __main__] -   >>> >>> Parsing >>> hopper-random-v2.hdf5: 25000 trajectories
[03/09/2024 22:46:50 - INFO - __main__] -   >>> >>> Parsing >>> hopper-random-v2.hdf5: 25100 trajectories
[03/09/2024 22:46:50 - INFO - __main__] -   >>> >>> Parsing >>> hopper-random-v2.hdf5: 25200 trajectories
[03/09/2024 22:46:51 - INFO - __main__] -   >>> >>> Parsing >>> hopper-random-v2.hdf5: 25300 trajectories
[03/09/2024 22:46:52 - INFO - __main__] -   >>> >>> Parsing >>> hopper-random-v2.hdf5: 25400 trajectories
[03/09/2024 22:46:53 - INFO - __main__] -   >>> >>> Parsing >>> hopper-random-v2.hdf5: 25500 trajectories
[03/09/2024 22:46:53 - INFO - __main__] -   >>> >>> Parsing >>> hopper-random-v2.hdf5: 25600 trajectories
[03/09/2024 22:46:54 - INFO - __main__] -   >>> >>> Parsing >>> hopper-random-v2.hdf5: 25700 trajectories
[03/09/2024 22:46:55 - INFO - __main__] -   >>> >>> Parsing >>> hopper-random-v2.hdf5: 25800 trajectories
[03/09/2024 22:46:56 - INFO - __main__] -   >>> >>> Parsing >>> hopper-random-v2.hdf5: 25900 trajectories
[03/09/2024 22:46:57 - INFO - __main__] -   >>> >>> Parsing >>> hopper-random-v2.hdf5: 26000 trajectories
[03/09/2024 22:46:57 - INFO - __main__] -   >>> >>> Parsing >>> hopper-random-v2.hdf5: 26100 trajectories
[03/09/2024 22:46:58 - INFO - __main__] -   >>> >>> Parsing >>> hopper-random-v2.hdf5: 26200 trajectories
[03/09/2024 22:46:59 - INFO - __main__] -   >>> >>> Parsing >>> hopper-random-v2.hdf5: 26300 trajectories
[03/09/2024 22:47:00 - INFO - __main__] -   >>> >>> Parsing >>> hopper-random-v2.hdf5: 26400 trajectories
[03/09/2024 22:47:01 - INFO - __main__] -   >>> >>> Parsing >>> hopper-random-v2.hdf5: 26500 trajectories
[03/09/2024 22:47:02 - INFO - __main__] -   >>> >>> Parsing >>> hopper-random-v2.hdf5: 26600 trajectories
[03/09/2024 22:47:02 - INFO - __main__] -   >>> >>> Parsing >>> hopper-random-v2.hdf5: 26700 trajectories
[03/09/2024 22:47:03 - INFO - __main__] -   >>> >>> Parsing >>> hopper-random-v2.hdf5: 26800 trajectories
[03/09/2024 22:47:04 - INFO - __main__] -   >>> >>> Parsing >>> hopper-random-v2.hdf5: 26900 trajectories
[03/09/2024 22:47:05 - INFO - __main__] -   >>> >>> Parsing >>> hopper-random-v2.hdf5: 27000 trajectories
[03/09/2024 22:47:06 - INFO - __main__] -   >>> >>> Parsing >>> hopper-random-v2.hdf5: 27100 trajectories
[03/09/2024 22:47:07 - INFO - __main__] -   >>> >>> Parsing >>> hopper-random-v2.hdf5: 27200 trajectories
[03/09/2024 22:47:08 - INFO - __main__] -   >>> >>> Parsing >>> hopper-random-v2.hdf5: 27300 trajectories
[03/09/2024 22:47:09 - INFO - __main__] -   >>> >>> Parsing >>> hopper-random-v2.hdf5: 27400 trajectories
[03/09/2024 22:47:09 - INFO - __main__] -   >>> >>> Parsing >>> hopper-random-v2.hdf5: 27500 trajectories
[03/09/2024 22:47:11 - INFO - __main__] -   >>> >>> Parsing >>> hopper-random-v2.hdf5: 27600 trajectories
[03/09/2024 22:47:11 - INFO - __main__] -   >>> >>> Parsing >>> hopper-random-v2.hdf5: 27700 trajectories
[03/09/2024 22:47:12 - INFO - __main__] -   >>> >>> Parsing >>> hopper-random-v2.hdf5: 27800 trajectories
[03/09/2024 22:47:13 - INFO - __main__] -   >>> >>> Parsing >>> hopper-random-v2.hdf5: 27900 trajectories
[03/09/2024 22:47:14 - INFO - __main__] -   >>> >>> Parsing >>> hopper-random-v2.hdf5: 28000 trajectories
[03/09/2024 22:47:15 - INFO - __main__] -   >>> >>> Parsing >>> hopper-random-v2.hdf5: 28100 trajectories
[03/09/2024 22:47:15 - INFO - __main__] -   >>> >>> Parsing >>> hopper-random-v2.hdf5: 28200 trajectories
[03/09/2024 22:47:16 - INFO - __main__] -   >>> >>> Parsing >>> hopper-random-v2.hdf5: 28300 trajectories
[03/09/2024 22:47:17 - INFO - __main__] -   >>> >>> Parsing >>> hopper-random-v2.hdf5: 28400 trajectories
[03/09/2024 22:47:17 - INFO - __main__] -   >>> >>> Parsing >>> hopper-random-v2.hdf5: 28500 trajectories
[03/09/2024 22:47:18 - INFO - __main__] -   >>> >>> Parsing >>> hopper-random-v2.hdf5: 28600 trajectories
[03/09/2024 22:47:19 - INFO - __main__] -   >>> >>> Parsing >>> hopper-random-v2.hdf5: 28700 trajectories
[03/09/2024 22:47:20 - INFO - __main__] -   >>> >>> Parsing >>> hopper-random-v2.hdf5: 28800 trajectories
[03/09/2024 22:47:20 - INFO - __main__] -   >>> >>> Parsing >>> hopper-random-v2.hdf5: 28900 trajectories
[03/09/2024 22:47:21 - INFO - __main__] -   >>> >>> Parsing >>> hopper-random-v2.hdf5: 29000 trajectories
[03/09/2024 22:47:22 - INFO - __main__] -   >>> >>> Parsing >>> hopper-random-v2.hdf5: 29100 trajectories
[03/09/2024 22:47:23 - INFO - __main__] -   >>> >>> Parsing >>> hopper-random-v2.hdf5: 29200 trajectories
[03/09/2024 22:47:23 - INFO - __main__] -   >>> >>> Parsing >>> hopper-random-v2.hdf5: 29300 trajectories
[03/09/2024 22:47:25 - INFO - __main__] -   >>> >>> Parsing >>> hopper-random-v2.hdf5: 29400 trajectories
[03/09/2024 22:47:25 - INFO - __main__] -   >>> >>> Parsing >>> hopper-random-v2.hdf5: 29500 trajectories
[03/09/2024 22:47:26 - INFO - __main__] -   >>> >>> Parsing >>> hopper-random-v2.hdf5: 29600 trajectories
[03/09/2024 22:47:27 - INFO - __main__] -   >>> >>> Parsing >>> hopper-random-v2.hdf5: 29700 trajectories
[03/09/2024 22:47:28 - INFO - __main__] -   >>> >>> Parsing >>> hopper-random-v2.hdf5: 29800 trajectories
[03/09/2024 22:47:28 - INFO - __main__] -   >>> >>> Parsing >>> hopper-random-v2.hdf5: 29900 trajectories
[03/09/2024 22:47:29 - INFO - __main__] -   >>> >>> Parsing >>> hopper-random-v2.hdf5: 30000 trajectories
[03/09/2024 22:47:30 - INFO - __main__] -   >>> >>> Parsing >>> hopper-random-v2.hdf5: 30100 trajectories
[03/09/2024 22:47:31 - INFO - __main__] -   >>> >>> Parsing >>> hopper-random-v2.hdf5: 30200 trajectories
[03/09/2024 22:47:32 - INFO - __main__] -   >>> >>> Parsing >>> hopper-random-v2.hdf5: 30300 trajectories
[03/09/2024 22:47:33 - INFO - __main__] -   >>> >>> Parsing >>> hopper-random-v2.hdf5: 30400 trajectories
[03/09/2024 22:47:34 - INFO - __main__] -   >>> >>> Parsing >>> hopper-random-v2.hdf5: 30500 trajectories
[03/09/2024 22:47:34 - INFO - __main__] -   >>> >>> Parsing >>> hopper-random-v2.hdf5: 30600 trajectories
[03/09/2024 22:47:35 - INFO - __main__] -   >>> >>> Parsing >>> hopper-random-v2.hdf5: 30700 trajectories
[03/09/2024 22:47:36 - INFO - __main__] -   >>> >>> Parsing >>> hopper-random-v2.hdf5: 30800 trajectories
[03/09/2024 22:47:37 - INFO - __main__] -   >>> >>> Parsing >>> hopper-random-v2.hdf5: 30900 trajectories
[03/09/2024 22:47:38 - INFO - __main__] -   >>> >>> Parsing >>> hopper-random-v2.hdf5: 31000 trajectories
[03/09/2024 22:47:39 - INFO - __main__] -   >>> >>> Parsing >>> hopper-random-v2.hdf5: 31100 trajectories
[03/09/2024 22:47:39 - INFO - __main__] -   >>> >>> Parsing >>> hopper-random-v2.hdf5: 31200 trajectories
[03/09/2024 22:47:40 - INFO - __main__] -   >>> >>> Parsing >>> hopper-random-v2.hdf5: 31300 trajectories
[03/09/2024 22:47:41 - INFO - __main__] -   >>> >>> Parsing >>> hopper-random-v2.hdf5: 31400 trajectories
[03/09/2024 22:47:42 - INFO - __main__] -   >>> >>> Parsing >>> hopper-random-v2.hdf5: 31500 trajectories
[03/09/2024 22:47:43 - INFO - __main__] -   >>> >>> Parsing >>> hopper-random-v2.hdf5: 31600 trajectories
[03/09/2024 22:47:44 - INFO - __main__] -   >>> >>> Parsing >>> hopper-random-v2.hdf5: 31700 trajectories
[03/09/2024 22:47:45 - INFO - __main__] -   >>> >>> Parsing >>> hopper-random-v2.hdf5: 31800 trajectories
[03/09/2024 22:47:46 - INFO - __main__] -   >>> >>> Parsing >>> hopper-random-v2.hdf5: 31900 trajectories
[03/09/2024 22:47:47 - INFO - __main__] -   >>> >>> Parsing >>> hopper-random-v2.hdf5: 32000 trajectories
[03/09/2024 22:47:48 - INFO - __main__] -   >>> >>> Parsing >>> hopper-random-v2.hdf5: 32100 trajectories
[03/09/2024 22:47:49 - INFO - __main__] -   >>> >>> Parsing >>> hopper-random-v2.hdf5: 32200 trajectories
[03/09/2024 22:47:49 - INFO - __main__] -   >>> >>> Parsing >>> hopper-random-v2.hdf5: 32300 trajectories
[03/09/2024 22:47:50 - INFO - __main__] -   >>> >>> Parsing >>> hopper-random-v2.hdf5: 32400 trajectories
[03/09/2024 22:47:51 - INFO - __main__] -   >>> >>> Parsing >>> hopper-random-v2.hdf5: 32500 trajectories
[03/09/2024 22:47:52 - INFO - __main__] -   >>> >>> Parsing >>> hopper-random-v2.hdf5: 32600 trajectories
[03/09/2024 22:47:52 - INFO - __main__] -   >>> >>> Parsing >>> hopper-random-v2.hdf5: 32700 trajectories
[03/09/2024 22:47:53 - INFO - __main__] -   >>> >>> Parsing >>> hopper-random-v2.hdf5: 32800 trajectories
[03/09/2024 22:47:54 - INFO - __main__] -   >>> >>> Parsing >>> hopper-random-v2.hdf5: 32900 trajectories
[03/09/2024 22:47:55 - INFO - __main__] -   >>> >>> Parsing >>> hopper-random-v2.hdf5: 33000 trajectories
[03/09/2024 22:47:56 - INFO - __main__] -   >>> >>> Parsing >>> hopper-random-v2.hdf5: 33100 trajectories
[03/09/2024 22:47:56 - INFO - __main__] -   >>> >>> Parsing >>> hopper-random-v2.hdf5: 33200 trajectories
[03/09/2024 22:47:57 - INFO - __main__] -   >>> >>> Parsing >>> hopper-random-v2.hdf5: 33300 trajectories
[03/09/2024 22:47:58 - INFO - __main__] -   >>> >>> Parsing >>> hopper-random-v2.hdf5: 33400 trajectories
[03/09/2024 22:47:59 - INFO - __main__] -   >>> >>> Parsing >>> hopper-random-v2.hdf5: 33500 trajectories
[03/09/2024 22:48:00 - INFO - __main__] -   >>> >>> Parsing >>> hopper-random-v2.hdf5: 33600 trajectories
[03/09/2024 22:48:00 - INFO - __main__] -   >>> >>> Parsing >>> hopper-random-v2.hdf5: 33700 trajectories
[03/09/2024 22:48:01 - INFO - __main__] -   >>> >>> Parsing >>> hopper-random-v2.hdf5: 33800 trajectories
[03/09/2024 22:48:02 - INFO - __main__] -   >>> >>> Parsing >>> hopper-random-v2.hdf5: 33900 trajectories
[03/09/2024 22:48:03 - INFO - __main__] -   >>> >>> Parsing >>> hopper-random-v2.hdf5: 34000 trajectories
[03/09/2024 22:48:04 - INFO - __main__] -   >>> >>> Parsing >>> hopper-random-v2.hdf5: 34100 trajectories
[03/09/2024 22:48:04 - INFO - __main__] -   >>> >>> Parsing >>> hopper-random-v2.hdf5: 34200 trajectories
[03/09/2024 22:48:05 - INFO - __main__] -   >>> >>> Parsing >>> hopper-random-v2.hdf5: 34300 trajectories
[03/09/2024 22:48:06 - INFO - __main__] -   >>> >>> Parsing >>> hopper-random-v2.hdf5: 34400 trajectories
[03/09/2024 22:48:06 - INFO - __main__] -   >>> >>> Parsing >>> hopper-random-v2.hdf5: 34500 trajectories
[03/09/2024 22:48:07 - INFO - __main__] -   >>> >>> Parsing >>> hopper-random-v2.hdf5: 34600 trajectories
[03/09/2024 22:48:08 - INFO - __main__] -   >>> >>> Parsing >>> hopper-random-v2.hdf5: 34700 trajectories
[03/09/2024 22:48:09 - INFO - __main__] -   >>> >>> Parsing >>> hopper-random-v2.hdf5: 34800 trajectories
[03/09/2024 22:48:09 - INFO - __main__] -   >>> >>> Parsing >>> hopper-random-v2.hdf5: 34900 trajectories
[03/09/2024 22:48:10 - INFO - __main__] -   >>> >>> Parsing >>> hopper-random-v2.hdf5: 35000 trajectories
[03/09/2024 22:48:11 - INFO - __main__] -   >>> >>> Parsing >>> hopper-random-v2.hdf5: 35100 trajectories
[03/09/2024 22:48:12 - INFO - __main__] -   >>> >>> Parsing >>> hopper-random-v2.hdf5: 35200 trajectories
[03/09/2024 22:48:12 - INFO - __main__] -   >>> >>> Parsing >>> hopper-random-v2.hdf5: 35300 trajectories
[03/09/2024 22:48:13 - INFO - __main__] -   >>> >>> Parsing >>> hopper-random-v2.hdf5: 35400 trajectories
[03/09/2024 22:48:14 - INFO - __main__] -   >>> >>> Parsing >>> hopper-random-v2.hdf5: 35500 trajectories
[03/09/2024 22:48:14 - INFO - __main__] -   >>> >>> Parsing >>> hopper-random-v2.hdf5: 35600 trajectories
[03/09/2024 22:48:15 - INFO - __main__] -   >>> >>> Parsing >>> hopper-random-v2.hdf5: 35700 trajectories
[03/09/2024 22:48:16 - INFO - __main__] -   >>> >>> Parsing >>> hopper-random-v2.hdf5: 35800 trajectories
[03/09/2024 22:48:17 - INFO - __main__] -   >>> >>> Parsing >>> hopper-random-v2.hdf5: 35900 trajectories
[03/09/2024 22:48:18 - INFO - __main__] -   >>> >>> Parsing >>> hopper-random-v2.hdf5: 36000 trajectories
[03/09/2024 22:48:19 - INFO - __main__] -   >>> >>> Parsing >>> hopper-random-v2.hdf5: 36100 trajectories
[03/09/2024 22:48:20 - INFO - __main__] -   >>> >>> Parsing >>> hopper-random-v2.hdf5: 36200 trajectories
[03/09/2024 22:48:20 - INFO - __main__] -   >>> >>> Parsing >>> hopper-random-v2.hdf5: 36300 trajectories
[03/09/2024 22:48:21 - INFO - __main__] -   >>> >>> Parsing >>> hopper-random-v2.hdf5: 36400 trajectories
[03/09/2024 22:48:22 - INFO - __main__] -   >>> >>> Parsing >>> hopper-random-v2.hdf5: 36500 trajectories
[03/09/2024 22:48:23 - INFO - __main__] -   >>> >>> Parsing >>> hopper-random-v2.hdf5: 36600 trajectories
[03/09/2024 22:48:24 - INFO - __main__] -   >>> >>> Parsing >>> hopper-random-v2.hdf5: 36700 trajectories
[03/09/2024 22:48:25 - INFO - __main__] -   >>> >>> Parsing >>> hopper-random-v2.hdf5: 36800 trajectories
[03/09/2024 22:48:25 - INFO - __main__] -   >>> >>> Parsing >>> hopper-random-v2.hdf5: 36900 trajectories
[03/09/2024 22:48:26 - INFO - __main__] -   >>> >>> Parsing >>> hopper-random-v2.hdf5: 37000 trajectories
[03/09/2024 22:48:27 - INFO - __main__] -   >>> >>> Parsing >>> hopper-random-v2.hdf5: 37100 trajectories
[03/09/2024 22:48:28 - INFO - __main__] -   >>> >>> Parsing >>> hopper-random-v2.hdf5: 37200 trajectories
[03/09/2024 22:48:29 - INFO - __main__] -   >>> >>> Parsing >>> hopper-random-v2.hdf5: 37300 trajectories
[03/09/2024 22:48:29 - INFO - __main__] -   >>> >>> Parsing >>> hopper-random-v2.hdf5: 37400 trajectories
[03/09/2024 22:48:30 - INFO - __main__] -   >>> >>> Parsing >>> hopper-random-v2.hdf5: 37500 trajectories
[03/09/2024 22:48:32 - INFO - __main__] -   >>> >>> Parsing >>> hopper-random-v2.hdf5: 37600 trajectories
[03/09/2024 22:48:33 - INFO - __main__] -   >>> >>> Parsing >>> hopper-random-v2.hdf5: 37700 trajectories
[03/09/2024 22:48:33 - INFO - __main__] -   >>> >>> Parsing >>> hopper-random-v2.hdf5: 37800 trajectories
[03/09/2024 22:48:34 - INFO - __main__] -   >>> >>> Parsing >>> hopper-random-v2.hdf5: 37900 trajectories
[03/09/2024 22:48:35 - INFO - __main__] -   >>> >>> Parsing >>> hopper-random-v2.hdf5: 38000 trajectories
[03/09/2024 22:48:36 - INFO - __main__] -   >>> >>> Parsing >>> hopper-random-v2.hdf5: 38100 trajectories
[03/09/2024 22:48:37 - INFO - __main__] -   >>> >>> Parsing >>> hopper-random-v2.hdf5: 38200 trajectories
[03/09/2024 22:48:37 - INFO - __main__] -   >>> >>> Parsing >>> hopper-random-v2.hdf5: 38300 trajectories
[03/09/2024 22:48:38 - INFO - __main__] -   >>> >>> Parsing >>> hopper-random-v2.hdf5: 38400 trajectories
[03/09/2024 22:48:39 - INFO - __main__] -   >>> >>> Parsing >>> hopper-random-v2.hdf5: 38500 trajectories
[03/09/2024 22:48:40 - INFO - __main__] -   >>> >>> Parsing >>> hopper-random-v2.hdf5: 38600 trajectories
[03/09/2024 22:48:41 - INFO - __main__] -   >>> >>> Parsing >>> hopper-random-v2.hdf5: 38700 trajectories
[03/09/2024 22:48:41 - INFO - __main__] -   >>> >>> Parsing >>> hopper-random-v2.hdf5: 38800 trajectories
[03/09/2024 22:48:42 - INFO - __main__] -   >>> >>> Parsing >>> hopper-random-v2.hdf5: 38900 trajectories
[03/09/2024 22:48:43 - INFO - __main__] -   >>> >>> Parsing >>> hopper-random-v2.hdf5: 39000 trajectories
[03/09/2024 22:48:44 - INFO - __main__] -   >>> >>> Parsing >>> hopper-random-v2.hdf5: 39100 trajectories
[03/09/2024 22:48:44 - INFO - __main__] -   >>> >>> Parsing >>> hopper-random-v2.hdf5: 39200 trajectories
[03/09/2024 22:48:45 - INFO - __main__] -   >>> >>> Parsing >>> hopper-random-v2.hdf5: 39300 trajectories
[03/09/2024 22:48:46 - INFO - __main__] -   >>> >>> Parsing >>> hopper-random-v2.hdf5: 39400 trajectories
[03/09/2024 22:48:47 - INFO - __main__] -   >>> >>> Parsing >>> hopper-random-v2.hdf5: 39500 trajectories
[03/09/2024 22:48:48 - INFO - __main__] -   >>> >>> Parsing >>> hopper-random-v2.hdf5: 39600 trajectories
[03/09/2024 22:48:49 - INFO - __main__] -   >>> >>> Parsing >>> hopper-random-v2.hdf5: 39700 trajectories
[03/09/2024 22:48:50 - INFO - __main__] -   >>> >>> Parsing >>> hopper-random-v2.hdf5: 39800 trajectories
[03/09/2024 22:48:51 - INFO - __main__] -   >>> >>> Parsing >>> hopper-random-v2.hdf5: 39900 trajectories
[03/09/2024 22:48:52 - INFO - __main__] -   >>> >>> Parsing >>> hopper-random-v2.hdf5: 40000 trajectories
[03/09/2024 22:48:52 - INFO - __main__] -   >>> >>> Parsing >>> hopper-random-v2.hdf5: 40100 trajectories
[03/09/2024 22:48:53 - INFO - __main__] -   >>> >>> Parsing >>> hopper-random-v2.hdf5: 40200 trajectories
[03/09/2024 22:48:54 - INFO - __main__] -   >>> >>> Parsing >>> hopper-random-v2.hdf5: 40300 trajectories
[03/09/2024 22:48:55 - INFO - __main__] -   >>> >>> Parsing >>> hopper-random-v2.hdf5: 40400 trajectories
[03/09/2024 22:48:56 - INFO - __main__] -   >>> >>> Parsing >>> hopper-random-v2.hdf5: 40500 trajectories
[03/09/2024 22:48:57 - INFO - __main__] -   >>> >>> Parsing >>> hopper-random-v2.hdf5: 40600 trajectories
[03/09/2024 22:48:57 - INFO - __main__] -   >>> >>> Parsing >>> hopper-random-v2.hdf5: 40700 trajectories
[03/09/2024 22:48:58 - INFO - __main__] -   >>> >>> Parsing >>> hopper-random-v2.hdf5: 40800 trajectories
[03/09/2024 22:48:59 - INFO - __main__] -   >>> >>> Parsing >>> hopper-random-v2.hdf5: 40900 trajectories
[03/09/2024 22:49:00 - INFO - __main__] -   >>> >>> Parsing >>> hopper-random-v2.hdf5: 41000 trajectories
[03/09/2024 22:49:01 - INFO - __main__] -   >>> >>> Parsing >>> hopper-random-v2.hdf5: 41100 trajectories
[03/09/2024 22:49:02 - INFO - __main__] -   >>> >>> Parsing >>> hopper-random-v2.hdf5: 41200 trajectories
[03/09/2024 22:49:03 - INFO - __main__] -   >>> >>> Parsing >>> hopper-random-v2.hdf5: 41300 trajectories
[03/09/2024 22:49:03 - INFO - __main__] -   >>> >>> Parsing >>> hopper-random-v2.hdf5: 41400 trajectories
[03/09/2024 22:49:04 - INFO - __main__] -   >>> >>> Parsing >>> hopper-random-v2.hdf5: 41500 trajectories
[03/09/2024 22:49:05 - INFO - __main__] -   >>> >>> Parsing >>> hopper-random-v2.hdf5: 41600 trajectories
[03/09/2024 22:49:06 - INFO - __main__] -   >>> >>> Parsing >>> hopper-random-v2.hdf5: 41700 trajectories
[03/09/2024 22:49:07 - INFO - __main__] -   >>> >>> Parsing >>> hopper-random-v2.hdf5: 41800 trajectories
[03/09/2024 22:49:07 - INFO - __main__] -   >>> >>> Parsing >>> hopper-random-v2.hdf5: 41900 trajectories
[03/09/2024 22:49:08 - INFO - __main__] -   >>> >>> Parsing >>> hopper-random-v2.hdf5: 42000 trajectories
[03/09/2024 22:49:09 - INFO - __main__] -   >>> >>> Parsing >>> hopper-random-v2.hdf5: 42100 trajectories
[03/09/2024 22:49:10 - INFO - __main__] -   >>> >>> Parsing >>> hopper-random-v2.hdf5: 42200 trajectories
[03/09/2024 22:49:11 - INFO - __main__] -   >>> >>> Parsing >>> hopper-random-v2.hdf5: 42300 trajectories
[03/09/2024 22:49:12 - INFO - __main__] -   >>> >>> Parsing >>> hopper-random-v2.hdf5: 42400 trajectories
[03/09/2024 22:49:13 - INFO - __main__] -   >>> >>> Parsing >>> hopper-random-v2.hdf5: 42500 trajectories
[03/09/2024 22:49:13 - INFO - __main__] -   >>> >>> Parsing >>> hopper-random-v2.hdf5: 42600 trajectories
[03/09/2024 22:49:14 - INFO - __main__] -   >>> >>> Parsing >>> hopper-random-v2.hdf5: 42700 trajectories
[03/09/2024 22:49:14 - INFO - __main__] -   >>> >>> Parsing >>> hopper-random-v2.hdf5: 42800 trajectories
[03/09/2024 22:49:15 - INFO - __main__] -   >>> >>> Parsing >>> hopper-random-v2.hdf5: 42900 trajectories
[03/09/2024 22:49:16 - INFO - __main__] -   >>> >>> Parsing >>> hopper-random-v2.hdf5: 43000 trajectories
[03/09/2024 22:49:16 - INFO - __main__] -   >>> >>> Parsing >>> hopper-random-v2.hdf5: 43100 trajectories
[03/09/2024 22:49:17 - INFO - __main__] -   >>> >>> Parsing >>> hopper-random-v2.hdf5: 43200 trajectories
[03/09/2024 22:49:18 - INFO - __main__] -   >>> >>> Parsing >>> hopper-random-v2.hdf5: 43300 trajectories
[03/09/2024 22:49:19 - INFO - __main__] -   >>> >>> Parsing >>> hopper-random-v2.hdf5: 43400 trajectories
[03/09/2024 22:49:20 - INFO - __main__] -   >>> >>> Parsing >>> hopper-random-v2.hdf5: 43500 trajectories
[03/09/2024 22:49:21 - INFO - __main__] -   >>> >>> Parsing >>> hopper-random-v2.hdf5: 43600 trajectories
[03/09/2024 22:49:21 - INFO - __main__] -   >>> >>> Parsing >>> hopper-random-v2.hdf5: 43700 trajectories
[03/09/2024 22:49:22 - INFO - __main__] -   >>> >>> Parsing >>> hopper-random-v2.hdf5: 43800 trajectories
[03/09/2024 22:49:23 - INFO - __main__] -   >>> >>> Parsing >>> hopper-random-v2.hdf5: 43900 trajectories
[03/09/2024 22:49:24 - INFO - __main__] -   >>> >>> Parsing >>> hopper-random-v2.hdf5: 44000 trajectories
[03/09/2024 22:49:25 - INFO - __main__] -   >>> >>> Parsing >>> hopper-random-v2.hdf5: 44100 trajectories
[03/09/2024 22:49:25 - INFO - __main__] -   >>> >>> Parsing >>> hopper-random-v2.hdf5: 44200 trajectories
[03/09/2024 22:49:26 - INFO - __main__] -   >>> >>> Parsing >>> hopper-random-v2.hdf5: 44300 trajectories
[03/09/2024 22:49:27 - INFO - __main__] -   >>> >>> Parsing >>> hopper-random-v2.hdf5: 44400 trajectories
[03/09/2024 22:49:28 - INFO - __main__] -   >>> >>> Parsing >>> hopper-random-v2.hdf5: 44500 trajectories
[03/09/2024 22:49:29 - INFO - __main__] -   >>> >>> Parsing >>> hopper-random-v2.hdf5: 44600 trajectories
[03/09/2024 22:49:30 - INFO - __main__] -   >>> >>> Parsing >>> hopper-random-v2.hdf5: 44700 trajectories
[03/09/2024 22:49:31 - INFO - __main__] -   >>> >>> Parsing >>> hopper-random-v2.hdf5: 44800 trajectories
[03/09/2024 22:49:31 - INFO - __main__] -   >>> >>> Parsing >>> hopper-random-v2.hdf5: 44900 trajectories
[03/09/2024 22:49:32 - INFO - __main__] -   >>> >>> Parsing >>> hopper-random-v2.hdf5: 45000 trajectories
[03/09/2024 22:49:33 - INFO - __main__] -   >>> >>> Parsing >>> hopper-random-v2.hdf5: 45100 trajectories
[03/09/2024 22:49:34 - INFO - __main__] -   >>> >>> Parsing >>> hopper-random-v2.hdf5: 45200 trajectories
[03/09/2024 22:49:35 - INFO - __main__] -   The number of collected samples: 999996
[03/09/2024 22:49:35 - INFO - __main__] -   Trajectory rewards: mean = 18.39890480041504, std = 17.451160430908203, max = 292.55419921875, min = 2.9301533699035645
[03/09/2024 22:49:35 - INFO - __main__] -   >>> Done hopper-random-v2.hdf5. Save the trajectories to data/parsed/hopper-random-v2.hdf5.pkl
[03/09/2024 22:49:38 - INFO - __main__] -   Total Running Time: 403.4 sec (6.7 min)
