[03/09/2024 22:42:55 - INFO - __main__] -   Namespace(verbose=False, seed=42, save_dir='data', task='parse', env='hopper', level='medium-replay', version='v2', max_len_trajectory=1000)
[03/09/2024 22:42:55 - INFO - __main__] -   >>> There are 1 offline datasets to parse.
[03/09/2024 22:42:55 - INFO - __main__] -   >>> Dataset: hopper-medium-replay-v2.hdf5
[03/09/2024 22:42:55 - INFO - __main__] -   >>> Keys: <KeysViewHDF5 ['actions', 'infos', 'metadata', 'next_observations', 'observations', 'rewards', 'terminals', 'timeouts']>
[03/09/2024 22:42:55 - INFO - __main__] -   >>> >>> Parsing >>> hopper-medium-replay-v2.hdf5: 100 trajectories
[03/09/2024 22:42:57 - INFO - __main__] -   >>> >>> Parsing >>> hopper-medium-replay-v2.hdf5: 200 trajectories
[03/09/2024 22:42:59 - INFO - __main__] -   >>> >>> Parsing >>> hopper-medium-replay-v2.hdf5: 300 trajectories
[03/09/2024 22:43:00 - INFO - __main__] -   >>> >>> Parsing >>> hopper-medium-replay-v2.hdf5: 400 trajectories
[03/09/2024 22:43:06 - INFO - __main__] -   >>> >>> Parsing >>> hopper-medium-replay-v2.hdf5: 500 trajectories
[03/09/2024 22:43:12 - INFO - __main__] -   >>> >>> Parsing >>> hopper-medium-replay-v2.hdf5: 600 trajectories
[03/09/2024 22:43:19 - INFO - __main__] -   >>> >>> Parsing >>> hopper-medium-replay-v2.hdf5: 700 trajectories
[03/09/2024 22:43:28 - INFO - __main__] -   >>> >>> Parsing >>> hopper-medium-replay-v2.hdf5: 800 trajectories
[03/09/2024 22:43:39 - INFO - __main__] -   >>> >>> Parsing >>> hopper-medium-replay-v2.hdf5: 900 trajectories
[03/09/2024 22:43:46 - INFO - __main__] -   >>> >>> Parsing >>> hopper-medium-replay-v2.hdf5: 1000 trajectories
[03/09/2024 22:43:53 - INFO - __main__] -   >>> >>> Parsing >>> hopper-medium-replay-v2.hdf5: 1100 trajectories
[03/09/2024 22:44:02 - INFO - __main__] -   >>> >>> Parsing >>> hopper-medium-replay-v2.hdf5: 1200 trajectories
[03/09/2024 22:44:12 - INFO - __main__] -   >>> >>> Parsing >>> hopper-medium-replay-v2.hdf5: 1300 trajectories
[03/09/2024 22:44:21 - INFO - __main__] -   >>> >>> Parsing >>> hopper-medium-replay-v2.hdf5: 1400 trajectories
[03/09/2024 22:44:29 - INFO - __main__] -   >>> >>> Parsing >>> hopper-medium-replay-v2.hdf5: 1500 trajectories
[03/09/2024 22:44:45 - INFO - __main__] -   >>> >>> Parsing >>> hopper-medium-replay-v2.hdf5: 1600 trajectories
[03/09/2024 22:44:57 - INFO - __main__] -   >>> >>> Parsing >>> hopper-medium-replay-v2.hdf5: 1700 trajectories
[03/09/2024 22:45:17 - INFO - __main__] -   >>> >>> Parsing >>> hopper-medium-replay-v2.hdf5: 1800 trajectories
[03/09/2024 22:45:34 - INFO - __main__] -   >>> >>> Parsing >>> hopper-medium-replay-v2.hdf5: 1900 trajectories
[03/09/2024 22:45:48 - INFO - __main__] -   >>> >>> Parsing >>> hopper-medium-replay-v2.hdf5: 2000 trajectories
[03/09/2024 22:45:53 - INFO - __main__] -   The number of collected samples: 402000
[03/09/2024 22:45:53 - INFO - __main__] -   Trajectory rewards: mean = 467.3020324707031, std = 511.0256042480469, max = 3192.925048828125, min = -1.4400691986083984
[03/09/2024 22:45:53 - INFO - __main__] -   >>> Done hopper-medium-replay-v2.hdf5. Save the trajectories to data/parsed/hopper-medium-replay-v2.hdf5.pkl
[03/09/2024 22:45:54 - INFO - __main__] -   Total Running Time: 179.3 sec (3.0 min)
