[03/09/2024 22:42:55 - INFO - __main__] -   Namespace(verbose=False, seed=42, save_dir='data', task='parse', env='walker2d', level='medium-expert', version='v2', max_len_trajectory=1000)
[03/09/2024 22:42:55 - INFO - __main__] -   >>> There are 1 offline datasets to parse.
[03/09/2024 22:42:55 - INFO - __main__] -   >>> Dataset: walker2d-medium-expert-v2.hdf5
[03/09/2024 22:42:55 - INFO - __main__] -   >>> Keys: <KeysViewHDF5 ['actions', 'infos', 'next_observations', 'observations', 'rewards', 'terminals', 'timeouts']>
[03/09/2024 23:05:07 - INFO - __main__] -   >>> >>> Parsing >>> walker2d-medium-expert-v2.hdf5: 100 trajectories
[03/09/2024 23:25:01 - INFO - __main__] -   >>> >>> Parsing >>> walker2d-medium-expert-v2.hdf5: 200 trajectories
[03/09/2024 23:44:27 - INFO - __main__] -   >>> >>> Parsing >>> walker2d-medium-expert-v2.hdf5: 300 trajectories
[03/10/2024 00:04:05 - INFO - __main__] -   >>> >>> Parsing >>> walker2d-medium-expert-v2.hdf5: 400 trajectories
[03/10/2024 00:22:13 - INFO - __main__] -   >>> >>> Parsing >>> walker2d-medium-expert-v2.hdf5: 500 trajectories
[03/10/2024 00:40:44 - INFO - __main__] -   >>> >>> Parsing >>> walker2d-medium-expert-v2.hdf5: 600 trajectories
[03/10/2024 00:58:20 - INFO - __main__] -   >>> >>> Parsing >>> walker2d-medium-expert-v2.hdf5: 700 trajectories
[03/10/2024 01:16:57 - INFO - __main__] -   >>> >>> Parsing >>> walker2d-medium-expert-v2.hdf5: 800 trajectories
[03/10/2024 01:35:29 - INFO - __main__] -   >>> >>> Parsing >>> walker2d-medium-expert-v2.hdf5: 900 trajectories
[03/10/2024 01:55:00 - INFO - __main__] -   >>> >>> Parsing >>> walker2d-medium-expert-v2.hdf5: 1000 trajectories
[03/10/2024 03:13:25 - INFO - __main__] -   >>> >>> Parsing >>> walker2d-medium-expert-v2.hdf5: 1100 trajectories
[03/10/2024 03:31:43 - INFO - __main__] -   >>> >>> Parsing >>> walker2d-medium-expert-v2.hdf5: 1200 trajectories
[03/10/2024 03:49:18 - INFO - __main__] -   >>> >>> Parsing >>> walker2d-medium-expert-v2.hdf5: 1300 trajectories
[03/10/2024 04:06:53 - INFO - __main__] -   >>> >>> Parsing >>> walker2d-medium-expert-v2.hdf5: 1400 trajectories
[03/10/2024 04:24:26 - INFO - __main__] -   >>> >>> Parsing >>> walker2d-medium-expert-v2.hdf5: 1500 trajectories
[03/10/2024 04:41:58 - INFO - __main__] -   >>> >>> Parsing >>> walker2d-medium-expert-v2.hdf5: 1600 trajectories
[03/10/2024 04:59:32 - INFO - __main__] -   >>> >>> Parsing >>> walker2d-medium-expert-v2.hdf5: 1700 trajectories
[03/10/2024 05:17:07 - INFO - __main__] -   >>> >>> Parsing >>> walker2d-medium-expert-v2.hdf5: 1800 trajectories
[03/10/2024 05:34:42 - INFO - __main__] -   >>> >>> Parsing >>> walker2d-medium-expert-v2.hdf5: 1900 trajectories
[03/10/2024 05:52:12 - INFO - __main__] -   >>> >>> Parsing >>> walker2d-medium-expert-v2.hdf5: 2000 trajectories
[03/10/2024 06:09:54 - INFO - __main__] -   >>> >>> Parsing >>> walker2d-medium-expert-v2.hdf5: 2100 trajectories
[03/10/2024 06:25:58 - INFO - __main__] -   The number of collected samples: 1999209
[03/10/2024 06:25:58 - INFO - __main__] -   Trajectory rewards: mean = 3796.57177734375, std = 1312.2825927734375, max = 5011.693359375, min = -6.6056718826293945
[03/10/2024 06:25:58 - INFO - __main__] -   >>> Done walker2d-medium-expert-v2.hdf5. Save the trajectories to data/parsed/walker2d-medium-expert-v2.hdf5.pkl
[03/10/2024 06:26:01 - INFO - __main__] -   Total Running Time: 24186.6 sec (403.1 min)
