[03/09/2024 22:42:55 - INFO - __main__] -   Namespace(verbose=False, seed=42, save_dir='data', task='parse', env='walker2d', level='random', version='v2', max_len_trajectory=1000)
[03/09/2024 22:42:55 - INFO - __main__] -   >>> There are 1 offline datasets to parse.
[03/09/2024 22:42:55 - INFO - __main__] -   >>> Dataset: walker2d-random-v2.hdf5
[03/09/2024 22:42:55 - INFO - __main__] -   >>> Keys: <KeysViewHDF5 ['actions', 'infos', 'next_observations', 'observations', 'rewards', 'terminals', 'timeouts']>
[03/09/2024 22:43:39 - INFO - __main__] -   >>> >>> Parsing >>> walker2d-random-v2.hdf5: 100 trajectories
[03/09/2024 22:44:19 - INFO - __main__] -   >>> >>> Parsing >>> walker2d-random-v2.hdf5: 200 trajectories
[03/09/2024 22:45:01 - INFO - __main__] -   >>> >>> Parsing >>> walker2d-random-v2.hdf5: 300 trajectories
[03/09/2024 22:45:38 - INFO - __main__] -   >>> >>> Parsing >>> walker2d-random-v2.hdf5: 400 trajectories
[03/09/2024 22:46:12 - INFO - __main__] -   >>> >>> Parsing >>> walker2d-random-v2.hdf5: 500 trajectories
[03/09/2024 22:46:50 - INFO - __main__] -   >>> >>> Parsing >>> walker2d-random-v2.hdf5: 600 trajectories
[03/09/2024 22:47:28 - INFO - __main__] -   >>> >>> Parsing >>> walker2d-random-v2.hdf5: 700 trajectories
[03/09/2024 22:48:03 - INFO - __main__] -   >>> >>> Parsing >>> walker2d-random-v2.hdf5: 800 trajectories
[03/09/2024 22:48:36 - INFO - __main__] -   >>> >>> Parsing >>> walker2d-random-v2.hdf5: 900 trajectories
[03/09/2024 22:49:13 - INFO - __main__] -   >>> >>> Parsing >>> walker2d-random-v2.hdf5: 1000 trajectories
[03/09/2024 22:49:46 - INFO - __main__] -   >>> >>> Parsing >>> walker2d-random-v2.hdf5: 1100 trajectories
[03/09/2024 22:50:18 - INFO - __main__] -   >>> >>> Parsing >>> walker2d-random-v2.hdf5: 1200 trajectories
[03/09/2024 22:50:47 - INFO - __main__] -   >>> >>> Parsing >>> walker2d-random-v2.hdf5: 1300 trajectories
[03/09/2024 22:51:18 - INFO - __main__] -   >>> >>> Parsing >>> walker2d-random-v2.hdf5: 1400 trajectories
[03/09/2024 22:51:47 - INFO - __main__] -   >>> >>> Parsing >>> walker2d-random-v2.hdf5: 1500 trajectories
[03/09/2024 22:52:16 - INFO - __main__] -   >>> >>> Parsing >>> walker2d-random-v2.hdf5: 1600 trajectories
[03/09/2024 22:52:47 - INFO - __main__] -   >>> >>> Parsing >>> walker2d-random-v2.hdf5: 1700 trajectories
[03/09/2024 22:53:18 - INFO - __main__] -   >>> >>> Parsing >>> walker2d-random-v2.hdf5: 1800 trajectories
[03/09/2024 22:53:48 - INFO - __main__] -   >>> >>> Parsing >>> walker2d-random-v2.hdf5: 1900 trajectories
[03/09/2024 22:54:21 - INFO - __main__] -   >>> >>> Parsing >>> walker2d-random-v2.hdf5: 2000 trajectories
[03/09/2024 22:54:50 - INFO - __main__] -   >>> >>> Parsing >>> walker2d-random-v2.hdf5: 2100 trajectories
[03/09/2024 22:55:21 - INFO - __main__] -   >>> >>> Parsing >>> walker2d-random-v2.hdf5: 2200 trajectories
[03/09/2024 22:55:50 - INFO - __main__] -   >>> >>> Parsing >>> walker2d-random-v2.hdf5: 2300 trajectories
[03/09/2024 22:56:16 - INFO - __main__] -   >>> >>> Parsing >>> walker2d-random-v2.hdf5: 2400 trajectories
[03/09/2024 22:56:45 - INFO - __main__] -   >>> >>> Parsing >>> walker2d-random-v2.hdf5: 2500 trajectories
[03/09/2024 22:57:14 - INFO - __main__] -   >>> >>> Parsing >>> walker2d-random-v2.hdf5: 2600 trajectories
[03/09/2024 22:57:42 - INFO - __main__] -   >>> >>> Parsing >>> walker2d-random-v2.hdf5: 2700 trajectories
[03/09/2024 22:58:10 - INFO - __main__] -   >>> >>> Parsing >>> walker2d-random-v2.hdf5: 2800 trajectories
[03/09/2024 22:58:38 - INFO - __main__] -   >>> >>> Parsing >>> walker2d-random-v2.hdf5: 2900 trajectories
[03/09/2024 22:59:07 - INFO - __main__] -   >>> >>> Parsing >>> walker2d-random-v2.hdf5: 3000 trajectories
[03/09/2024 22:59:37 - INFO - __main__] -   >>> >>> Parsing >>> walker2d-random-v2.hdf5: 3100 trajectories
[03/09/2024 23:00:07 - INFO - __main__] -   >>> >>> Parsing >>> walker2d-random-v2.hdf5: 3200 trajectories
[03/09/2024 23:00:34 - INFO - __main__] -   >>> >>> Parsing >>> walker2d-random-v2.hdf5: 3300 trajectories
[03/09/2024 23:01:04 - INFO - __main__] -   >>> >>> Parsing >>> walker2d-random-v2.hdf5: 3400 trajectories
[03/09/2024 23:01:31 - INFO - __main__] -   >>> >>> Parsing >>> walker2d-random-v2.hdf5: 3500 trajectories
[03/09/2024 23:02:00 - INFO - __main__] -   >>> >>> Parsing >>> walker2d-random-v2.hdf5: 3600 trajectories
[03/09/2024 23:02:29 - INFO - __main__] -   >>> >>> Parsing >>> walker2d-random-v2.hdf5: 3700 trajectories
[03/09/2024 23:02:57 - INFO - __main__] -   >>> >>> Parsing >>> walker2d-random-v2.hdf5: 3800 trajectories
[03/09/2024 23:03:26 - INFO - __main__] -   >>> >>> Parsing >>> walker2d-random-v2.hdf5: 3900 trajectories
[03/09/2024 23:03:54 - INFO - __main__] -   >>> >>> Parsing >>> walker2d-random-v2.hdf5: 4000 trajectories
[03/09/2024 23:04:21 - INFO - __main__] -   >>> >>> Parsing >>> walker2d-random-v2.hdf5: 4100 trajectories
[03/09/2024 23:04:51 - INFO - __main__] -   >>> >>> Parsing >>> walker2d-random-v2.hdf5: 4200 trajectories
[03/09/2024 23:05:20 - INFO - __main__] -   >>> >>> Parsing >>> walker2d-random-v2.hdf5: 4300 trajectories
[03/09/2024 23:05:53 - INFO - __main__] -   >>> >>> Parsing >>> walker2d-random-v2.hdf5: 4400 trajectories
[03/09/2024 23:06:21 - INFO - __main__] -   >>> >>> Parsing >>> walker2d-random-v2.hdf5: 4500 trajectories
[03/09/2024 23:06:48 - INFO - __main__] -   >>> >>> Parsing >>> walker2d-random-v2.hdf5: 4600 trajectories
[03/09/2024 23:07:17 - INFO - __main__] -   >>> >>> Parsing >>> walker2d-random-v2.hdf5: 4700 trajectories
[03/09/2024 23:07:45 - INFO - __main__] -   >>> >>> Parsing >>> walker2d-random-v2.hdf5: 4800 trajectories
[03/09/2024 23:08:11 - INFO - __main__] -   >>> >>> Parsing >>> walker2d-random-v2.hdf5: 4900 trajectories
[03/09/2024 23:08:41 - INFO - __main__] -   >>> >>> Parsing >>> walker2d-random-v2.hdf5: 5000 trajectories
[03/09/2024 23:09:10 - INFO - __main__] -   >>> >>> Parsing >>> walker2d-random-v2.hdf5: 5100 trajectories
[03/09/2024 23:09:39 - INFO - __main__] -   >>> >>> Parsing >>> walker2d-random-v2.hdf5: 5200 trajectories
[03/09/2024 23:10:07 - INFO - __main__] -   >>> >>> Parsing >>> walker2d-random-v2.hdf5: 5300 trajectories
[03/09/2024 23:10:37 - INFO - __main__] -   >>> >>> Parsing >>> walker2d-random-v2.hdf5: 5400 trajectories
[03/09/2024 23:11:07 - INFO - __main__] -   >>> >>> Parsing >>> walker2d-random-v2.hdf5: 5500 trajectories
[03/09/2024 23:11:35 - INFO - __main__] -   >>> >>> Parsing >>> walker2d-random-v2.hdf5: 5600 trajectories
[03/09/2024 23:12:04 - INFO - __main__] -   >>> >>> Parsing >>> walker2d-random-v2.hdf5: 5700 trajectories
[03/09/2024 23:12:34 - INFO - __main__] -   >>> >>> Parsing >>> walker2d-random-v2.hdf5: 5800 trajectories
[03/09/2024 23:13:03 - INFO - __main__] -   >>> >>> Parsing >>> walker2d-random-v2.hdf5: 5900 trajectories
[03/09/2024 23:13:32 - INFO - __main__] -   >>> >>> Parsing >>> walker2d-random-v2.hdf5: 6000 trajectories
[03/09/2024 23:14:02 - INFO - __main__] -   >>> >>> Parsing >>> walker2d-random-v2.hdf5: 6100 trajectories
[03/09/2024 23:14:31 - INFO - __main__] -   >>> >>> Parsing >>> walker2d-random-v2.hdf5: 6200 trajectories
[03/09/2024 23:14:58 - INFO - __main__] -   >>> >>> Parsing >>> walker2d-random-v2.hdf5: 6300 trajectories
[03/09/2024 23:15:26 - INFO - __main__] -   >>> >>> Parsing >>> walker2d-random-v2.hdf5: 6400 trajectories
[03/09/2024 23:15:58 - INFO - __main__] -   >>> >>> Parsing >>> walker2d-random-v2.hdf5: 6500 trajectories
[03/09/2024 23:16:29 - INFO - __main__] -   >>> >>> Parsing >>> walker2d-random-v2.hdf5: 6600 trajectories
[03/09/2024 23:16:59 - INFO - __main__] -   >>> >>> Parsing >>> walker2d-random-v2.hdf5: 6700 trajectories
[03/09/2024 23:17:28 - INFO - __main__] -   >>> >>> Parsing >>> walker2d-random-v2.hdf5: 6800 trajectories
[03/09/2024 23:17:59 - INFO - __main__] -   >>> >>> Parsing >>> walker2d-random-v2.hdf5: 6900 trajectories
[03/09/2024 23:18:29 - INFO - __main__] -   >>> >>> Parsing >>> walker2d-random-v2.hdf5: 7000 trajectories
[03/09/2024 23:18:57 - INFO - __main__] -   >>> >>> Parsing >>> walker2d-random-v2.hdf5: 7100 trajectories
[03/09/2024 23:19:27 - INFO - __main__] -   >>> >>> Parsing >>> walker2d-random-v2.hdf5: 7200 trajectories
[03/09/2024 23:19:56 - INFO - __main__] -   >>> >>> Parsing >>> walker2d-random-v2.hdf5: 7300 trajectories
[03/09/2024 23:20:24 - INFO - __main__] -   >>> >>> Parsing >>> walker2d-random-v2.hdf5: 7400 trajectories
[03/09/2024 23:20:52 - INFO - __main__] -   >>> >>> Parsing >>> walker2d-random-v2.hdf5: 7500 trajectories
[03/09/2024 23:21:20 - INFO - __main__] -   >>> >>> Parsing >>> walker2d-random-v2.hdf5: 7600 trajectories
[03/09/2024 23:21:49 - INFO - __main__] -   >>> >>> Parsing >>> walker2d-random-v2.hdf5: 7700 trajectories
[03/09/2024 23:22:15 - INFO - __main__] -   >>> >>> Parsing >>> walker2d-random-v2.hdf5: 7800 trajectories
[03/09/2024 23:22:43 - INFO - __main__] -   >>> >>> Parsing >>> walker2d-random-v2.hdf5: 7900 trajectories
[03/09/2024 23:23:14 - INFO - __main__] -   >>> >>> Parsing >>> walker2d-random-v2.hdf5: 8000 trajectories
[03/09/2024 23:23:40 - INFO - __main__] -   >>> >>> Parsing >>> walker2d-random-v2.hdf5: 8100 trajectories
[03/09/2024 23:24:09 - INFO - __main__] -   >>> >>> Parsing >>> walker2d-random-v2.hdf5: 8200 trajectories
[03/09/2024 23:24:40 - INFO - __main__] -   >>> >>> Parsing >>> walker2d-random-v2.hdf5: 8300 trajectories
[03/09/2024 23:25:10 - INFO - __main__] -   >>> >>> Parsing >>> walker2d-random-v2.hdf5: 8400 trajectories
[03/09/2024 23:25:35 - INFO - __main__] -   >>> >>> Parsing >>> walker2d-random-v2.hdf5: 8500 trajectories
[03/09/2024 23:26:04 - INFO - __main__] -   >>> >>> Parsing >>> walker2d-random-v2.hdf5: 8600 trajectories
[03/09/2024 23:26:34 - INFO - __main__] -   >>> >>> Parsing >>> walker2d-random-v2.hdf5: 8700 trajectories
[03/09/2024 23:27:01 - INFO - __main__] -   >>> >>> Parsing >>> walker2d-random-v2.hdf5: 8800 trajectories
[03/09/2024 23:27:29 - INFO - __main__] -   >>> >>> Parsing >>> walker2d-random-v2.hdf5: 8900 trajectories
[03/09/2024 23:27:57 - INFO - __main__] -   >>> >>> Parsing >>> walker2d-random-v2.hdf5: 9000 trajectories
[03/09/2024 23:28:25 - INFO - __main__] -   >>> >>> Parsing >>> walker2d-random-v2.hdf5: 9100 trajectories
[03/09/2024 23:28:53 - INFO - __main__] -   >>> >>> Parsing >>> walker2d-random-v2.hdf5: 9200 trajectories
[03/09/2024 23:29:20 - INFO - __main__] -   >>> >>> Parsing >>> walker2d-random-v2.hdf5: 9300 trajectories
[03/09/2024 23:29:48 - INFO - __main__] -   >>> >>> Parsing >>> walker2d-random-v2.hdf5: 9400 trajectories
[03/09/2024 23:30:16 - INFO - __main__] -   >>> >>> Parsing >>> walker2d-random-v2.hdf5: 9500 trajectories
[03/09/2024 23:30:45 - INFO - __main__] -   >>> >>> Parsing >>> walker2d-random-v2.hdf5: 9600 trajectories
[03/09/2024 23:31:10 - INFO - __main__] -   >>> >>> Parsing >>> walker2d-random-v2.hdf5: 9700 trajectories
[03/09/2024 23:31:40 - INFO - __main__] -   >>> >>> Parsing >>> walker2d-random-v2.hdf5: 9800 trajectories
[03/09/2024 23:32:11 - INFO - __main__] -   >>> >>> Parsing >>> walker2d-random-v2.hdf5: 9900 trajectories
[03/09/2024 23:32:41 - INFO - __main__] -   >>> >>> Parsing >>> walker2d-random-v2.hdf5: 10000 trajectories
[03/09/2024 23:33:08 - INFO - __main__] -   >>> >>> Parsing >>> walker2d-random-v2.hdf5: 10100 trajectories
[03/09/2024 23:33:38 - INFO - __main__] -   >>> >>> Parsing >>> walker2d-random-v2.hdf5: 10200 trajectories
[03/09/2024 23:34:07 - INFO - __main__] -   >>> >>> Parsing >>> walker2d-random-v2.hdf5: 10300 trajectories
[03/09/2024 23:34:34 - INFO - __main__] -   >>> >>> Parsing >>> walker2d-random-v2.hdf5: 10400 trajectories
[03/09/2024 23:35:03 - INFO - __main__] -   >>> >>> Parsing >>> walker2d-random-v2.hdf5: 10500 trajectories
[03/09/2024 23:35:31 - INFO - __main__] -   >>> >>> Parsing >>> walker2d-random-v2.hdf5: 10600 trajectories
[03/09/2024 23:35:59 - INFO - __main__] -   >>> >>> Parsing >>> walker2d-random-v2.hdf5: 10700 trajectories
[03/09/2024 23:36:26 - INFO - __main__] -   >>> >>> Parsing >>> walker2d-random-v2.hdf5: 10800 trajectories
[03/09/2024 23:36:54 - INFO - __main__] -   >>> >>> Parsing >>> walker2d-random-v2.hdf5: 10900 trajectories
[03/09/2024 23:37:23 - INFO - __main__] -   >>> >>> Parsing >>> walker2d-random-v2.hdf5: 11000 trajectories
[03/09/2024 23:37:52 - INFO - __main__] -   >>> >>> Parsing >>> walker2d-random-v2.hdf5: 11100 trajectories
[03/09/2024 23:38:24 - INFO - __main__] -   >>> >>> Parsing >>> walker2d-random-v2.hdf5: 11200 trajectories
[03/09/2024 23:38:54 - INFO - __main__] -   >>> >>> Parsing >>> walker2d-random-v2.hdf5: 11300 trajectories
[03/09/2024 23:39:22 - INFO - __main__] -   >>> >>> Parsing >>> walker2d-random-v2.hdf5: 11400 trajectories
[03/09/2024 23:39:49 - INFO - __main__] -   >>> >>> Parsing >>> walker2d-random-v2.hdf5: 11500 trajectories
[03/09/2024 23:40:20 - INFO - __main__] -   >>> >>> Parsing >>> walker2d-random-v2.hdf5: 11600 trajectories
[03/09/2024 23:40:48 - INFO - __main__] -   >>> >>> Parsing >>> walker2d-random-v2.hdf5: 11700 trajectories
[03/09/2024 23:41:19 - INFO - __main__] -   >>> >>> Parsing >>> walker2d-random-v2.hdf5: 11800 trajectories
[03/09/2024 23:41:47 - INFO - __main__] -   >>> >>> Parsing >>> walker2d-random-v2.hdf5: 11900 trajectories
[03/09/2024 23:42:13 - INFO - __main__] -   >>> >>> Parsing >>> walker2d-random-v2.hdf5: 12000 trajectories
[03/09/2024 23:42:40 - INFO - __main__] -   >>> >>> Parsing >>> walker2d-random-v2.hdf5: 12100 trajectories
[03/09/2024 23:43:11 - INFO - __main__] -   >>> >>> Parsing >>> walker2d-random-v2.hdf5: 12200 trajectories
[03/09/2024 23:43:38 - INFO - __main__] -   >>> >>> Parsing >>> walker2d-random-v2.hdf5: 12300 trajectories
[03/09/2024 23:44:06 - INFO - __main__] -   >>> >>> Parsing >>> walker2d-random-v2.hdf5: 12400 trajectories
[03/09/2024 23:44:35 - INFO - __main__] -   >>> >>> Parsing >>> walker2d-random-v2.hdf5: 12500 trajectories
[03/09/2024 23:45:03 - INFO - __main__] -   >>> >>> Parsing >>> walker2d-random-v2.hdf5: 12600 trajectories
[03/09/2024 23:45:29 - INFO - __main__] -   >>> >>> Parsing >>> walker2d-random-v2.hdf5: 12700 trajectories
[03/09/2024 23:45:58 - INFO - __main__] -   >>> >>> Parsing >>> walker2d-random-v2.hdf5: 12800 trajectories
[03/09/2024 23:46:27 - INFO - __main__] -   >>> >>> Parsing >>> walker2d-random-v2.hdf5: 12900 trajectories
[03/09/2024 23:46:56 - INFO - __main__] -   >>> >>> Parsing >>> walker2d-random-v2.hdf5: 13000 trajectories
[03/09/2024 23:47:23 - INFO - __main__] -   >>> >>> Parsing >>> walker2d-random-v2.hdf5: 13100 trajectories
[03/09/2024 23:47:51 - INFO - __main__] -   >>> >>> Parsing >>> walker2d-random-v2.hdf5: 13200 trajectories
[03/09/2024 23:48:20 - INFO - __main__] -   >>> >>> Parsing >>> walker2d-random-v2.hdf5: 13300 trajectories
[03/09/2024 23:48:49 - INFO - __main__] -   >>> >>> Parsing >>> walker2d-random-v2.hdf5: 13400 trajectories
[03/09/2024 23:49:17 - INFO - __main__] -   >>> >>> Parsing >>> walker2d-random-v2.hdf5: 13500 trajectories
[03/09/2024 23:49:45 - INFO - __main__] -   >>> >>> Parsing >>> walker2d-random-v2.hdf5: 13600 trajectories
[03/09/2024 23:50:12 - INFO - __main__] -   >>> >>> Parsing >>> walker2d-random-v2.hdf5: 13700 trajectories
[03/09/2024 23:50:42 - INFO - __main__] -   >>> >>> Parsing >>> walker2d-random-v2.hdf5: 13800 trajectories
[03/09/2024 23:51:10 - INFO - __main__] -   >>> >>> Parsing >>> walker2d-random-v2.hdf5: 13900 trajectories
[03/09/2024 23:51:38 - INFO - __main__] -   >>> >>> Parsing >>> walker2d-random-v2.hdf5: 14000 trajectories
[03/09/2024 23:52:07 - INFO - __main__] -   >>> >>> Parsing >>> walker2d-random-v2.hdf5: 14100 trajectories
[03/09/2024 23:52:35 - INFO - __main__] -   >>> >>> Parsing >>> walker2d-random-v2.hdf5: 14200 trajectories
[03/09/2024 23:53:03 - INFO - __main__] -   >>> >>> Parsing >>> walker2d-random-v2.hdf5: 14300 trajectories
[03/09/2024 23:53:32 - INFO - __main__] -   >>> >>> Parsing >>> walker2d-random-v2.hdf5: 14400 trajectories
[03/09/2024 23:54:01 - INFO - __main__] -   >>> >>> Parsing >>> walker2d-random-v2.hdf5: 14500 trajectories
[03/09/2024 23:54:30 - INFO - __main__] -   >>> >>> Parsing >>> walker2d-random-v2.hdf5: 14600 trajectories
[03/09/2024 23:54:56 - INFO - __main__] -   >>> >>> Parsing >>> walker2d-random-v2.hdf5: 14700 trajectories
[03/09/2024 23:55:24 - INFO - __main__] -   >>> >>> Parsing >>> walker2d-random-v2.hdf5: 14800 trajectories
[03/09/2024 23:55:51 - INFO - __main__] -   >>> >>> Parsing >>> walker2d-random-v2.hdf5: 14900 trajectories
[03/09/2024 23:56:21 - INFO - __main__] -   >>> >>> Parsing >>> walker2d-random-v2.hdf5: 15000 trajectories
[03/09/2024 23:56:50 - INFO - __main__] -   >>> >>> Parsing >>> walker2d-random-v2.hdf5: 15100 trajectories
[03/09/2024 23:57:20 - INFO - __main__] -   >>> >>> Parsing >>> walker2d-random-v2.hdf5: 15200 trajectories
[03/09/2024 23:57:47 - INFO - __main__] -   >>> >>> Parsing >>> walker2d-random-v2.hdf5: 15300 trajectories
[03/09/2024 23:58:14 - INFO - __main__] -   >>> >>> Parsing >>> walker2d-random-v2.hdf5: 15400 trajectories
[03/09/2024 23:58:44 - INFO - __main__] -   >>> >>> Parsing >>> walker2d-random-v2.hdf5: 15500 trajectories
[03/09/2024 23:59:12 - INFO - __main__] -   >>> >>> Parsing >>> walker2d-random-v2.hdf5: 15600 trajectories
[03/09/2024 23:59:42 - INFO - __main__] -   >>> >>> Parsing >>> walker2d-random-v2.hdf5: 15700 trajectories
[03/10/2024 00:00:12 - INFO - __main__] -   >>> >>> Parsing >>> walker2d-random-v2.hdf5: 15800 trajectories
[03/10/2024 00:00:40 - INFO - __main__] -   >>> >>> Parsing >>> walker2d-random-v2.hdf5: 15900 trajectories
[03/10/2024 00:01:08 - INFO - __main__] -   >>> >>> Parsing >>> walker2d-random-v2.hdf5: 16000 trajectories
[03/10/2024 00:01:34 - INFO - __main__] -   >>> >>> Parsing >>> walker2d-random-v2.hdf5: 16100 trajectories
[03/10/2024 00:02:00 - INFO - __main__] -   >>> >>> Parsing >>> walker2d-random-v2.hdf5: 16200 trajectories
[03/10/2024 00:02:27 - INFO - __main__] -   >>> >>> Parsing >>> walker2d-random-v2.hdf5: 16300 trajectories
[03/10/2024 00:02:52 - INFO - __main__] -   >>> >>> Parsing >>> walker2d-random-v2.hdf5: 16400 trajectories
[03/10/2024 00:03:18 - INFO - __main__] -   >>> >>> Parsing >>> walker2d-random-v2.hdf5: 16500 trajectories
[03/10/2024 00:03:43 - INFO - __main__] -   >>> >>> Parsing >>> walker2d-random-v2.hdf5: 16600 trajectories
[03/10/2024 00:04:08 - INFO - __main__] -   >>> >>> Parsing >>> walker2d-random-v2.hdf5: 16700 trajectories
[03/10/2024 00:04:33 - INFO - __main__] -   >>> >>> Parsing >>> walker2d-random-v2.hdf5: 16800 trajectories
[03/10/2024 00:04:59 - INFO - __main__] -   >>> >>> Parsing >>> walker2d-random-v2.hdf5: 16900 trajectories
[03/10/2024 00:05:23 - INFO - __main__] -   >>> >>> Parsing >>> walker2d-random-v2.hdf5: 17000 trajectories
[03/10/2024 00:05:48 - INFO - __main__] -   >>> >>> Parsing >>> walker2d-random-v2.hdf5: 17100 trajectories
[03/10/2024 00:06:14 - INFO - __main__] -   >>> >>> Parsing >>> walker2d-random-v2.hdf5: 17200 trajectories
[03/10/2024 00:06:40 - INFO - __main__] -   >>> >>> Parsing >>> walker2d-random-v2.hdf5: 17300 trajectories
[03/10/2024 00:07:08 - INFO - __main__] -   >>> >>> Parsing >>> walker2d-random-v2.hdf5: 17400 trajectories
[03/10/2024 00:07:34 - INFO - __main__] -   >>> >>> Parsing >>> walker2d-random-v2.hdf5: 17500 trajectories
[03/10/2024 00:08:00 - INFO - __main__] -   >>> >>> Parsing >>> walker2d-random-v2.hdf5: 17600 trajectories
[03/10/2024 00:08:28 - INFO - __main__] -   >>> >>> Parsing >>> walker2d-random-v2.hdf5: 17700 trajectories
[03/10/2024 00:08:55 - INFO - __main__] -   >>> >>> Parsing >>> walker2d-random-v2.hdf5: 17800 trajectories
[03/10/2024 00:09:22 - INFO - __main__] -   >>> >>> Parsing >>> walker2d-random-v2.hdf5: 17900 trajectories
[03/10/2024 00:09:48 - INFO - __main__] -   >>> >>> Parsing >>> walker2d-random-v2.hdf5: 18000 trajectories
[03/10/2024 00:10:15 - INFO - __main__] -   >>> >>> Parsing >>> walker2d-random-v2.hdf5: 18100 trajectories
[03/10/2024 00:10:41 - INFO - __main__] -   >>> >>> Parsing >>> walker2d-random-v2.hdf5: 18200 trajectories
[03/10/2024 00:11:06 - INFO - __main__] -   >>> >>> Parsing >>> walker2d-random-v2.hdf5: 18300 trajectories
[03/10/2024 00:11:35 - INFO - __main__] -   >>> >>> Parsing >>> walker2d-random-v2.hdf5: 18400 trajectories
[03/10/2024 00:12:01 - INFO - __main__] -   >>> >>> Parsing >>> walker2d-random-v2.hdf5: 18500 trajectories
[03/10/2024 00:12:26 - INFO - __main__] -   >>> >>> Parsing >>> walker2d-random-v2.hdf5: 18600 trajectories
[03/10/2024 00:12:53 - INFO - __main__] -   >>> >>> Parsing >>> walker2d-random-v2.hdf5: 18700 trajectories
[03/10/2024 00:13:17 - INFO - __main__] -   >>> >>> Parsing >>> walker2d-random-v2.hdf5: 18800 trajectories
[03/10/2024 00:13:46 - INFO - __main__] -   >>> >>> Parsing >>> walker2d-random-v2.hdf5: 18900 trajectories
[03/10/2024 00:14:12 - INFO - __main__] -   >>> >>> Parsing >>> walker2d-random-v2.hdf5: 19000 trajectories
[03/10/2024 00:14:39 - INFO - __main__] -   >>> >>> Parsing >>> walker2d-random-v2.hdf5: 19100 trajectories
[03/10/2024 00:15:03 - INFO - __main__] -   >>> >>> Parsing >>> walker2d-random-v2.hdf5: 19200 trajectories
[03/10/2024 00:15:31 - INFO - __main__] -   >>> >>> Parsing >>> walker2d-random-v2.hdf5: 19300 trajectories
[03/10/2024 00:15:57 - INFO - __main__] -   >>> >>> Parsing >>> walker2d-random-v2.hdf5: 19400 trajectories
[03/10/2024 00:16:23 - INFO - __main__] -   >>> >>> Parsing >>> walker2d-random-v2.hdf5: 19500 trajectories
[03/10/2024 00:16:48 - INFO - __main__] -   >>> >>> Parsing >>> walker2d-random-v2.hdf5: 19600 trajectories
[03/10/2024 00:17:13 - INFO - __main__] -   >>> >>> Parsing >>> walker2d-random-v2.hdf5: 19700 trajectories
[03/10/2024 00:17:37 - INFO - __main__] -   >>> >>> Parsing >>> walker2d-random-v2.hdf5: 19800 trajectories
[03/10/2024 00:18:05 - INFO - __main__] -   >>> >>> Parsing >>> walker2d-random-v2.hdf5: 19900 trajectories
[03/10/2024 00:18:32 - INFO - __main__] -   >>> >>> Parsing >>> walker2d-random-v2.hdf5: 20000 trajectories
[03/10/2024 00:18:57 - INFO - __main__] -   >>> >>> Parsing >>> walker2d-random-v2.hdf5: 20100 trajectories
[03/10/2024 00:19:22 - INFO - __main__] -   >>> >>> Parsing >>> walker2d-random-v2.hdf5: 20200 trajectories
[03/10/2024 00:19:50 - INFO - __main__] -   >>> >>> Parsing >>> walker2d-random-v2.hdf5: 20300 trajectories
[03/10/2024 00:20:15 - INFO - __main__] -   >>> >>> Parsing >>> walker2d-random-v2.hdf5: 20400 trajectories
[03/10/2024 00:20:41 - INFO - __main__] -   >>> >>> Parsing >>> walker2d-random-v2.hdf5: 20500 trajectories
[03/10/2024 00:21:08 - INFO - __main__] -   >>> >>> Parsing >>> walker2d-random-v2.hdf5: 20600 trajectories
[03/10/2024 00:21:35 - INFO - __main__] -   >>> >>> Parsing >>> walker2d-random-v2.hdf5: 20700 trajectories
[03/10/2024 00:22:02 - INFO - __main__] -   >>> >>> Parsing >>> walker2d-random-v2.hdf5: 20800 trajectories
[03/10/2024 00:22:26 - INFO - __main__] -   >>> >>> Parsing >>> walker2d-random-v2.hdf5: 20900 trajectories
[03/10/2024 00:22:54 - INFO - __main__] -   >>> >>> Parsing >>> walker2d-random-v2.hdf5: 21000 trajectories
[03/10/2024 00:23:21 - INFO - __main__] -   >>> >>> Parsing >>> walker2d-random-v2.hdf5: 21100 trajectories
[03/10/2024 00:23:46 - INFO - __main__] -   >>> >>> Parsing >>> walker2d-random-v2.hdf5: 21200 trajectories
[03/10/2024 00:24:12 - INFO - __main__] -   >>> >>> Parsing >>> walker2d-random-v2.hdf5: 21300 trajectories
[03/10/2024 00:24:40 - INFO - __main__] -   >>> >>> Parsing >>> walker2d-random-v2.hdf5: 21400 trajectories
[03/10/2024 00:25:04 - INFO - __main__] -   >>> >>> Parsing >>> walker2d-random-v2.hdf5: 21500 trajectories
[03/10/2024 00:25:32 - INFO - __main__] -   >>> >>> Parsing >>> walker2d-random-v2.hdf5: 21600 trajectories
[03/10/2024 00:25:59 - INFO - __main__] -   >>> >>> Parsing >>> walker2d-random-v2.hdf5: 21700 trajectories
[03/10/2024 00:26:24 - INFO - __main__] -   >>> >>> Parsing >>> walker2d-random-v2.hdf5: 21800 trajectories
[03/10/2024 00:26:50 - INFO - __main__] -   >>> >>> Parsing >>> walker2d-random-v2.hdf5: 21900 trajectories
[03/10/2024 00:27:16 - INFO - __main__] -   >>> >>> Parsing >>> walker2d-random-v2.hdf5: 22000 trajectories
[03/10/2024 00:27:41 - INFO - __main__] -   >>> >>> Parsing >>> walker2d-random-v2.hdf5: 22100 trajectories
[03/10/2024 00:28:09 - INFO - __main__] -   >>> >>> Parsing >>> walker2d-random-v2.hdf5: 22200 trajectories
[03/10/2024 00:28:35 - INFO - __main__] -   >>> >>> Parsing >>> walker2d-random-v2.hdf5: 22300 trajectories
[03/10/2024 00:29:01 - INFO - __main__] -   >>> >>> Parsing >>> walker2d-random-v2.hdf5: 22400 trajectories
[03/10/2024 00:29:28 - INFO - __main__] -   >>> >>> Parsing >>> walker2d-random-v2.hdf5: 22500 trajectories
[03/10/2024 00:29:55 - INFO - __main__] -   >>> >>> Parsing >>> walker2d-random-v2.hdf5: 22600 trajectories
[03/10/2024 00:30:22 - INFO - __main__] -   >>> >>> Parsing >>> walker2d-random-v2.hdf5: 22700 trajectories
[03/10/2024 00:30:47 - INFO - __main__] -   >>> >>> Parsing >>> walker2d-random-v2.hdf5: 22800 trajectories
[03/10/2024 00:31:13 - INFO - __main__] -   >>> >>> Parsing >>> walker2d-random-v2.hdf5: 22900 trajectories
[03/10/2024 00:31:39 - INFO - __main__] -   >>> >>> Parsing >>> walker2d-random-v2.hdf5: 23000 trajectories
[03/10/2024 00:32:06 - INFO - __main__] -   >>> >>> Parsing >>> walker2d-random-v2.hdf5: 23100 trajectories
[03/10/2024 00:32:33 - INFO - __main__] -   >>> >>> Parsing >>> walker2d-random-v2.hdf5: 23200 trajectories
[03/10/2024 00:33:01 - INFO - __main__] -   >>> >>> Parsing >>> walker2d-random-v2.hdf5: 23300 trajectories
[03/10/2024 00:33:27 - INFO - __main__] -   >>> >>> Parsing >>> walker2d-random-v2.hdf5: 23400 trajectories
[03/10/2024 00:33:54 - INFO - __main__] -   >>> >>> Parsing >>> walker2d-random-v2.hdf5: 23500 trajectories
[03/10/2024 00:34:20 - INFO - __main__] -   >>> >>> Parsing >>> walker2d-random-v2.hdf5: 23600 trajectories
[03/10/2024 00:34:49 - INFO - __main__] -   >>> >>> Parsing >>> walker2d-random-v2.hdf5: 23700 trajectories
[03/10/2024 00:35:16 - INFO - __main__] -   >>> >>> Parsing >>> walker2d-random-v2.hdf5: 23800 trajectories
[03/10/2024 00:35:42 - INFO - __main__] -   >>> >>> Parsing >>> walker2d-random-v2.hdf5: 23900 trajectories
[03/10/2024 00:36:09 - INFO - __main__] -   >>> >>> Parsing >>> walker2d-random-v2.hdf5: 24000 trajectories
[03/10/2024 00:36:36 - INFO - __main__] -   >>> >>> Parsing >>> walker2d-random-v2.hdf5: 24100 trajectories
[03/10/2024 00:37:02 - INFO - __main__] -   >>> >>> Parsing >>> walker2d-random-v2.hdf5: 24200 trajectories
[03/10/2024 00:37:29 - INFO - __main__] -   >>> >>> Parsing >>> walker2d-random-v2.hdf5: 24300 trajectories
[03/10/2024 00:37:52 - INFO - __main__] -   >>> >>> Parsing >>> walker2d-random-v2.hdf5: 24400 trajectories
[03/10/2024 00:38:18 - INFO - __main__] -   >>> >>> Parsing >>> walker2d-random-v2.hdf5: 24500 trajectories
[03/10/2024 00:38:43 - INFO - __main__] -   >>> >>> Parsing >>> walker2d-random-v2.hdf5: 24600 trajectories
[03/10/2024 00:39:11 - INFO - __main__] -   >>> >>> Parsing >>> walker2d-random-v2.hdf5: 24700 trajectories
[03/10/2024 00:39:37 - INFO - __main__] -   >>> >>> Parsing >>> walker2d-random-v2.hdf5: 24800 trajectories
[03/10/2024 00:40:04 - INFO - __main__] -   >>> >>> Parsing >>> walker2d-random-v2.hdf5: 24900 trajectories
[03/10/2024 00:40:30 - INFO - __main__] -   >>> >>> Parsing >>> walker2d-random-v2.hdf5: 25000 trajectories
[03/10/2024 00:40:56 - INFO - __main__] -   >>> >>> Parsing >>> walker2d-random-v2.hdf5: 25100 trajectories
[03/10/2024 00:41:23 - INFO - __main__] -   >>> >>> Parsing >>> walker2d-random-v2.hdf5: 25200 trajectories
[03/10/2024 00:41:49 - INFO - __main__] -   >>> >>> Parsing >>> walker2d-random-v2.hdf5: 25300 trajectories
[03/10/2024 00:42:14 - INFO - __main__] -   >>> >>> Parsing >>> walker2d-random-v2.hdf5: 25400 trajectories
[03/10/2024 00:42:41 - INFO - __main__] -   >>> >>> Parsing >>> walker2d-random-v2.hdf5: 25500 trajectories
[03/10/2024 00:43:08 - INFO - __main__] -   >>> >>> Parsing >>> walker2d-random-v2.hdf5: 25600 trajectories
[03/10/2024 00:43:34 - INFO - __main__] -   >>> >>> Parsing >>> walker2d-random-v2.hdf5: 25700 trajectories
[03/10/2024 00:43:59 - INFO - __main__] -   >>> >>> Parsing >>> walker2d-random-v2.hdf5: 25800 trajectories
[03/10/2024 00:44:26 - INFO - __main__] -   >>> >>> Parsing >>> walker2d-random-v2.hdf5: 25900 trajectories
[03/10/2024 00:44:52 - INFO - __main__] -   >>> >>> Parsing >>> walker2d-random-v2.hdf5: 26000 trajectories
[03/10/2024 00:45:20 - INFO - __main__] -   >>> >>> Parsing >>> walker2d-random-v2.hdf5: 26100 trajectories
[03/10/2024 00:45:47 - INFO - __main__] -   >>> >>> Parsing >>> walker2d-random-v2.hdf5: 26200 trajectories
[03/10/2024 00:46:14 - INFO - __main__] -   >>> >>> Parsing >>> walker2d-random-v2.hdf5: 26300 trajectories
[03/10/2024 00:46:38 - INFO - __main__] -   >>> >>> Parsing >>> walker2d-random-v2.hdf5: 26400 trajectories
[03/10/2024 00:47:04 - INFO - __main__] -   >>> >>> Parsing >>> walker2d-random-v2.hdf5: 26500 trajectories
[03/10/2024 00:47:30 - INFO - __main__] -   >>> >>> Parsing >>> walker2d-random-v2.hdf5: 26600 trajectories
[03/10/2024 00:47:56 - INFO - __main__] -   >>> >>> Parsing >>> walker2d-random-v2.hdf5: 26700 trajectories
[03/10/2024 00:48:22 - INFO - __main__] -   >>> >>> Parsing >>> walker2d-random-v2.hdf5: 26800 trajectories
[03/10/2024 00:48:50 - INFO - __main__] -   >>> >>> Parsing >>> walker2d-random-v2.hdf5: 26900 trajectories
[03/10/2024 00:49:16 - INFO - __main__] -   >>> >>> Parsing >>> walker2d-random-v2.hdf5: 27000 trajectories
[03/10/2024 00:49:40 - INFO - __main__] -   >>> >>> Parsing >>> walker2d-random-v2.hdf5: 27100 trajectories
[03/10/2024 00:50:08 - INFO - __main__] -   >>> >>> Parsing >>> walker2d-random-v2.hdf5: 27200 trajectories
[03/10/2024 00:50:34 - INFO - __main__] -   >>> >>> Parsing >>> walker2d-random-v2.hdf5: 27300 trajectories
[03/10/2024 00:51:01 - INFO - __main__] -   >>> >>> Parsing >>> walker2d-random-v2.hdf5: 27400 trajectories
[03/10/2024 00:51:28 - INFO - __main__] -   >>> >>> Parsing >>> walker2d-random-v2.hdf5: 27500 trajectories
[03/10/2024 00:51:54 - INFO - __main__] -   >>> >>> Parsing >>> walker2d-random-v2.hdf5: 27600 trajectories
[03/10/2024 00:52:21 - INFO - __main__] -   >>> >>> Parsing >>> walker2d-random-v2.hdf5: 27700 trajectories
[03/10/2024 00:52:46 - INFO - __main__] -   >>> >>> Parsing >>> walker2d-random-v2.hdf5: 27800 trajectories
[03/10/2024 00:53:11 - INFO - __main__] -   >>> >>> Parsing >>> walker2d-random-v2.hdf5: 27900 trajectories
[03/10/2024 00:53:36 - INFO - __main__] -   >>> >>> Parsing >>> walker2d-random-v2.hdf5: 28000 trajectories
[03/10/2024 00:54:02 - INFO - __main__] -   >>> >>> Parsing >>> walker2d-random-v2.hdf5: 28100 trajectories
[03/10/2024 00:54:28 - INFO - __main__] -   >>> >>> Parsing >>> walker2d-random-v2.hdf5: 28200 trajectories
[03/10/2024 00:54:53 - INFO - __main__] -   >>> >>> Parsing >>> walker2d-random-v2.hdf5: 28300 trajectories
[03/10/2024 00:55:19 - INFO - __main__] -   >>> >>> Parsing >>> walker2d-random-v2.hdf5: 28400 trajectories
[03/10/2024 00:55:46 - INFO - __main__] -   >>> >>> Parsing >>> walker2d-random-v2.hdf5: 28500 trajectories
[03/10/2024 00:56:12 - INFO - __main__] -   >>> >>> Parsing >>> walker2d-random-v2.hdf5: 28600 trajectories
[03/10/2024 00:56:38 - INFO - __main__] -   >>> >>> Parsing >>> walker2d-random-v2.hdf5: 28700 trajectories
[03/10/2024 00:57:05 - INFO - __main__] -   >>> >>> Parsing >>> walker2d-random-v2.hdf5: 28800 trajectories
[03/10/2024 00:57:33 - INFO - __main__] -   >>> >>> Parsing >>> walker2d-random-v2.hdf5: 28900 trajectories
[03/10/2024 00:57:58 - INFO - __main__] -   >>> >>> Parsing >>> walker2d-random-v2.hdf5: 29000 trajectories
[03/10/2024 00:58:26 - INFO - __main__] -   >>> >>> Parsing >>> walker2d-random-v2.hdf5: 29100 trajectories
[03/10/2024 00:58:52 - INFO - __main__] -   >>> >>> Parsing >>> walker2d-random-v2.hdf5: 29200 trajectories
[03/10/2024 00:59:18 - INFO - __main__] -   >>> >>> Parsing >>> walker2d-random-v2.hdf5: 29300 trajectories
[03/10/2024 00:59:43 - INFO - __main__] -   >>> >>> Parsing >>> walker2d-random-v2.hdf5: 29400 trajectories
[03/10/2024 01:00:10 - INFO - __main__] -   >>> >>> Parsing >>> walker2d-random-v2.hdf5: 29500 trajectories
[03/10/2024 01:00:36 - INFO - __main__] -   >>> >>> Parsing >>> walker2d-random-v2.hdf5: 29600 trajectories
[03/10/2024 01:01:02 - INFO - __main__] -   >>> >>> Parsing >>> walker2d-random-v2.hdf5: 29700 trajectories
[03/10/2024 01:01:30 - INFO - __main__] -   >>> >>> Parsing >>> walker2d-random-v2.hdf5: 29800 trajectories
[03/10/2024 01:01:56 - INFO - __main__] -   >>> >>> Parsing >>> walker2d-random-v2.hdf5: 29900 trajectories
[03/10/2024 01:02:23 - INFO - __main__] -   >>> >>> Parsing >>> walker2d-random-v2.hdf5: 30000 trajectories
[03/10/2024 01:02:49 - INFO - __main__] -   >>> >>> Parsing >>> walker2d-random-v2.hdf5: 30100 trajectories
[03/10/2024 01:03:14 - INFO - __main__] -   >>> >>> Parsing >>> walker2d-random-v2.hdf5: 30200 trajectories
[03/10/2024 01:03:43 - INFO - __main__] -   >>> >>> Parsing >>> walker2d-random-v2.hdf5: 30300 trajectories
[03/10/2024 01:04:08 - INFO - __main__] -   >>> >>> Parsing >>> walker2d-random-v2.hdf5: 30400 trajectories
[03/10/2024 01:04:34 - INFO - __main__] -   >>> >>> Parsing >>> walker2d-random-v2.hdf5: 30500 trajectories
[03/10/2024 01:05:00 - INFO - __main__] -   >>> >>> Parsing >>> walker2d-random-v2.hdf5: 30600 trajectories
[03/10/2024 01:05:26 - INFO - __main__] -   >>> >>> Parsing >>> walker2d-random-v2.hdf5: 30700 trajectories
[03/10/2024 01:05:55 - INFO - __main__] -   >>> >>> Parsing >>> walker2d-random-v2.hdf5: 30800 trajectories
[03/10/2024 01:06:22 - INFO - __main__] -   >>> >>> Parsing >>> walker2d-random-v2.hdf5: 30900 trajectories
[03/10/2024 01:06:49 - INFO - __main__] -   >>> >>> Parsing >>> walker2d-random-v2.hdf5: 31000 trajectories
[03/10/2024 01:07:13 - INFO - __main__] -   >>> >>> Parsing >>> walker2d-random-v2.hdf5: 31100 trajectories
[03/10/2024 01:07:38 - INFO - __main__] -   >>> >>> Parsing >>> walker2d-random-v2.hdf5: 31200 trajectories
[03/10/2024 01:08:04 - INFO - __main__] -   >>> >>> Parsing >>> walker2d-random-v2.hdf5: 31300 trajectories
[03/10/2024 01:08:32 - INFO - __main__] -   >>> >>> Parsing >>> walker2d-random-v2.hdf5: 31400 trajectories
[03/10/2024 01:08:58 - INFO - __main__] -   >>> >>> Parsing >>> walker2d-random-v2.hdf5: 31500 trajectories
[03/10/2024 01:09:22 - INFO - __main__] -   >>> >>> Parsing >>> walker2d-random-v2.hdf5: 31600 trajectories
[03/10/2024 01:09:47 - INFO - __main__] -   >>> >>> Parsing >>> walker2d-random-v2.hdf5: 31700 trajectories
[03/10/2024 01:10:13 - INFO - __main__] -   >>> >>> Parsing >>> walker2d-random-v2.hdf5: 31800 trajectories
[03/10/2024 01:10:40 - INFO - __main__] -   >>> >>> Parsing >>> walker2d-random-v2.hdf5: 31900 trajectories
[03/10/2024 01:11:08 - INFO - __main__] -   >>> >>> Parsing >>> walker2d-random-v2.hdf5: 32000 trajectories
[03/10/2024 01:11:33 - INFO - __main__] -   >>> >>> Parsing >>> walker2d-random-v2.hdf5: 32100 trajectories
[03/10/2024 01:11:57 - INFO - __main__] -   >>> >>> Parsing >>> walker2d-random-v2.hdf5: 32200 trajectories
[03/10/2024 01:12:24 - INFO - __main__] -   >>> >>> Parsing >>> walker2d-random-v2.hdf5: 32300 trajectories
[03/10/2024 01:12:51 - INFO - __main__] -   >>> >>> Parsing >>> walker2d-random-v2.hdf5: 32400 trajectories
[03/10/2024 01:13:18 - INFO - __main__] -   >>> >>> Parsing >>> walker2d-random-v2.hdf5: 32500 trajectories
[03/10/2024 01:13:44 - INFO - __main__] -   >>> >>> Parsing >>> walker2d-random-v2.hdf5: 32600 trajectories
[03/10/2024 01:14:10 - INFO - __main__] -   >>> >>> Parsing >>> walker2d-random-v2.hdf5: 32700 trajectories
[03/10/2024 01:14:38 - INFO - __main__] -   >>> >>> Parsing >>> walker2d-random-v2.hdf5: 32800 trajectories
[03/10/2024 01:15:03 - INFO - __main__] -   >>> >>> Parsing >>> walker2d-random-v2.hdf5: 32900 trajectories
[03/10/2024 01:15:28 - INFO - __main__] -   >>> >>> Parsing >>> walker2d-random-v2.hdf5: 33000 trajectories
[03/10/2024 01:15:53 - INFO - __main__] -   >>> >>> Parsing >>> walker2d-random-v2.hdf5: 33100 trajectories
[03/10/2024 01:16:19 - INFO - __main__] -   >>> >>> Parsing >>> walker2d-random-v2.hdf5: 33200 trajectories
[03/10/2024 01:16:44 - INFO - __main__] -   >>> >>> Parsing >>> walker2d-random-v2.hdf5: 33300 trajectories
[03/10/2024 01:17:11 - INFO - __main__] -   >>> >>> Parsing >>> walker2d-random-v2.hdf5: 33400 trajectories
[03/10/2024 01:17:36 - INFO - __main__] -   >>> >>> Parsing >>> walker2d-random-v2.hdf5: 33500 trajectories
[03/10/2024 01:18:01 - INFO - __main__] -   >>> >>> Parsing >>> walker2d-random-v2.hdf5: 33600 trajectories
[03/10/2024 01:18:27 - INFO - __main__] -   >>> >>> Parsing >>> walker2d-random-v2.hdf5: 33700 trajectories
[03/10/2024 01:18:53 - INFO - __main__] -   >>> >>> Parsing >>> walker2d-random-v2.hdf5: 33800 trajectories
[03/10/2024 01:19:19 - INFO - __main__] -   >>> >>> Parsing >>> walker2d-random-v2.hdf5: 33900 trajectories
[03/10/2024 01:19:45 - INFO - __main__] -   >>> >>> Parsing >>> walker2d-random-v2.hdf5: 34000 trajectories
[03/10/2024 01:20:10 - INFO - __main__] -   >>> >>> Parsing >>> walker2d-random-v2.hdf5: 34100 trajectories
[03/10/2024 01:20:36 - INFO - __main__] -   >>> >>> Parsing >>> walker2d-random-v2.hdf5: 34200 trajectories
[03/10/2024 01:21:01 - INFO - __main__] -   >>> >>> Parsing >>> walker2d-random-v2.hdf5: 34300 trajectories
[03/10/2024 01:21:26 - INFO - __main__] -   >>> >>> Parsing >>> walker2d-random-v2.hdf5: 34400 trajectories
[03/10/2024 01:21:51 - INFO - __main__] -   >>> >>> Parsing >>> walker2d-random-v2.hdf5: 34500 trajectories
[03/10/2024 01:22:17 - INFO - __main__] -   >>> >>> Parsing >>> walker2d-random-v2.hdf5: 34600 trajectories
[03/10/2024 01:22:44 - INFO - __main__] -   >>> >>> Parsing >>> walker2d-random-v2.hdf5: 34700 trajectories
[03/10/2024 01:23:11 - INFO - __main__] -   >>> >>> Parsing >>> walker2d-random-v2.hdf5: 34800 trajectories
[03/10/2024 01:23:38 - INFO - __main__] -   >>> >>> Parsing >>> walker2d-random-v2.hdf5: 34900 trajectories
[03/10/2024 01:24:04 - INFO - __main__] -   >>> >>> Parsing >>> walker2d-random-v2.hdf5: 35000 trajectories
[03/10/2024 01:24:29 - INFO - __main__] -   >>> >>> Parsing >>> walker2d-random-v2.hdf5: 35100 trajectories
[03/10/2024 01:24:55 - INFO - __main__] -   >>> >>> Parsing >>> walker2d-random-v2.hdf5: 35200 trajectories
[03/10/2024 01:25:22 - INFO - __main__] -   >>> >>> Parsing >>> walker2d-random-v2.hdf5: 35300 trajectories
[03/10/2024 01:25:48 - INFO - __main__] -   >>> >>> Parsing >>> walker2d-random-v2.hdf5: 35400 trajectories
[03/10/2024 01:26:15 - INFO - __main__] -   >>> >>> Parsing >>> walker2d-random-v2.hdf5: 35500 trajectories
[03/10/2024 01:26:42 - INFO - __main__] -   >>> >>> Parsing >>> walker2d-random-v2.hdf5: 35600 trajectories
[03/10/2024 01:27:08 - INFO - __main__] -   >>> >>> Parsing >>> walker2d-random-v2.hdf5: 35700 trajectories
[03/10/2024 01:27:34 - INFO - __main__] -   >>> >>> Parsing >>> walker2d-random-v2.hdf5: 35800 trajectories
[03/10/2024 01:28:01 - INFO - __main__] -   >>> >>> Parsing >>> walker2d-random-v2.hdf5: 35900 trajectories
[03/10/2024 01:28:27 - INFO - __main__] -   >>> >>> Parsing >>> walker2d-random-v2.hdf5: 36000 trajectories
[03/10/2024 01:28:52 - INFO - __main__] -   >>> >>> Parsing >>> walker2d-random-v2.hdf5: 36100 trajectories
[03/10/2024 01:29:19 - INFO - __main__] -   >>> >>> Parsing >>> walker2d-random-v2.hdf5: 36200 trajectories
[03/10/2024 01:29:45 - INFO - __main__] -   >>> >>> Parsing >>> walker2d-random-v2.hdf5: 36300 trajectories
[03/10/2024 01:30:12 - INFO - __main__] -   >>> >>> Parsing >>> walker2d-random-v2.hdf5: 36400 trajectories
[03/10/2024 01:30:37 - INFO - __main__] -   >>> >>> Parsing >>> walker2d-random-v2.hdf5: 36500 trajectories
[03/10/2024 01:31:05 - INFO - __main__] -   >>> >>> Parsing >>> walker2d-random-v2.hdf5: 36600 trajectories
[03/10/2024 01:31:33 - INFO - __main__] -   >>> >>> Parsing >>> walker2d-random-v2.hdf5: 36700 trajectories
[03/10/2024 01:31:59 - INFO - __main__] -   >>> >>> Parsing >>> walker2d-random-v2.hdf5: 36800 trajectories
[03/10/2024 01:32:26 - INFO - __main__] -   >>> >>> Parsing >>> walker2d-random-v2.hdf5: 36900 trajectories
[03/10/2024 01:32:53 - INFO - __main__] -   >>> >>> Parsing >>> walker2d-random-v2.hdf5: 37000 trajectories
[03/10/2024 01:33:18 - INFO - __main__] -   >>> >>> Parsing >>> walker2d-random-v2.hdf5: 37100 trajectories
[03/10/2024 01:33:43 - INFO - __main__] -   >>> >>> Parsing >>> walker2d-random-v2.hdf5: 37200 trajectories
[03/10/2024 01:34:10 - INFO - __main__] -   >>> >>> Parsing >>> walker2d-random-v2.hdf5: 37300 trajectories
[03/10/2024 01:34:36 - INFO - __main__] -   >>> >>> Parsing >>> walker2d-random-v2.hdf5: 37400 trajectories
[03/10/2024 01:35:01 - INFO - __main__] -   >>> >>> Parsing >>> walker2d-random-v2.hdf5: 37500 trajectories
[03/10/2024 01:35:26 - INFO - __main__] -   >>> >>> Parsing >>> walker2d-random-v2.hdf5: 37600 trajectories
[03/10/2024 01:35:52 - INFO - __main__] -   >>> >>> Parsing >>> walker2d-random-v2.hdf5: 37700 trajectories
[03/10/2024 01:36:17 - INFO - __main__] -   >>> >>> Parsing >>> walker2d-random-v2.hdf5: 37800 trajectories
[03/10/2024 01:36:44 - INFO - __main__] -   >>> >>> Parsing >>> walker2d-random-v2.hdf5: 37900 trajectories
[03/10/2024 01:37:11 - INFO - __main__] -   >>> >>> Parsing >>> walker2d-random-v2.hdf5: 38000 trajectories
[03/10/2024 01:37:36 - INFO - __main__] -   >>> >>> Parsing >>> walker2d-random-v2.hdf5: 38100 trajectories
[03/10/2024 01:38:03 - INFO - __main__] -   >>> >>> Parsing >>> walker2d-random-v2.hdf5: 38200 trajectories
[03/10/2024 01:38:28 - INFO - __main__] -   >>> >>> Parsing >>> walker2d-random-v2.hdf5: 38300 trajectories
[03/10/2024 01:38:55 - INFO - __main__] -   >>> >>> Parsing >>> walker2d-random-v2.hdf5: 38400 trajectories
[03/10/2024 01:39:21 - INFO - __main__] -   >>> >>> Parsing >>> walker2d-random-v2.hdf5: 38500 trajectories
[03/10/2024 01:39:48 - INFO - __main__] -   >>> >>> Parsing >>> walker2d-random-v2.hdf5: 38600 trajectories
[03/10/2024 01:40:16 - INFO - __main__] -   >>> >>> Parsing >>> walker2d-random-v2.hdf5: 38700 trajectories
[03/10/2024 01:40:43 - INFO - __main__] -   >>> >>> Parsing >>> walker2d-random-v2.hdf5: 38800 trajectories
[03/10/2024 01:41:09 - INFO - __main__] -   >>> >>> Parsing >>> walker2d-random-v2.hdf5: 38900 trajectories
[03/10/2024 01:41:33 - INFO - __main__] -   >>> >>> Parsing >>> walker2d-random-v2.hdf5: 39000 trajectories
[03/10/2024 01:41:59 - INFO - __main__] -   >>> >>> Parsing >>> walker2d-random-v2.hdf5: 39100 trajectories
[03/10/2024 01:42:27 - INFO - __main__] -   >>> >>> Parsing >>> walker2d-random-v2.hdf5: 39200 trajectories
[03/10/2024 01:42:54 - INFO - __main__] -   >>> >>> Parsing >>> walker2d-random-v2.hdf5: 39300 trajectories
[03/10/2024 01:43:19 - INFO - __main__] -   >>> >>> Parsing >>> walker2d-random-v2.hdf5: 39400 trajectories
[03/10/2024 01:43:45 - INFO - __main__] -   >>> >>> Parsing >>> walker2d-random-v2.hdf5: 39500 trajectories
[03/10/2024 01:44:12 - INFO - __main__] -   >>> >>> Parsing >>> walker2d-random-v2.hdf5: 39600 trajectories
[03/10/2024 01:44:38 - INFO - __main__] -   >>> >>> Parsing >>> walker2d-random-v2.hdf5: 39700 trajectories
[03/10/2024 01:45:04 - INFO - __main__] -   >>> >>> Parsing >>> walker2d-random-v2.hdf5: 39800 trajectories
[03/10/2024 01:45:31 - INFO - __main__] -   >>> >>> Parsing >>> walker2d-random-v2.hdf5: 39900 trajectories
[03/10/2024 01:45:58 - INFO - __main__] -   >>> >>> Parsing >>> walker2d-random-v2.hdf5: 40000 trajectories
[03/10/2024 01:46:23 - INFO - __main__] -   >>> >>> Parsing >>> walker2d-random-v2.hdf5: 40100 trajectories
[03/10/2024 01:46:49 - INFO - __main__] -   >>> >>> Parsing >>> walker2d-random-v2.hdf5: 40200 trajectories
[03/10/2024 01:47:15 - INFO - __main__] -   >>> >>> Parsing >>> walker2d-random-v2.hdf5: 40300 trajectories
[03/10/2024 01:47:41 - INFO - __main__] -   >>> >>> Parsing >>> walker2d-random-v2.hdf5: 40400 trajectories
[03/10/2024 01:48:07 - INFO - __main__] -   >>> >>> Parsing >>> walker2d-random-v2.hdf5: 40500 trajectories
[03/10/2024 01:48:34 - INFO - __main__] -   >>> >>> Parsing >>> walker2d-random-v2.hdf5: 40600 trajectories
[03/10/2024 01:49:00 - INFO - __main__] -   >>> >>> Parsing >>> walker2d-random-v2.hdf5: 40700 trajectories
[03/10/2024 01:49:24 - INFO - __main__] -   >>> >>> Parsing >>> walker2d-random-v2.hdf5: 40800 trajectories
[03/10/2024 01:49:50 - INFO - __main__] -   >>> >>> Parsing >>> walker2d-random-v2.hdf5: 40900 trajectories
[03/10/2024 01:50:18 - INFO - __main__] -   >>> >>> Parsing >>> walker2d-random-v2.hdf5: 41000 trajectories
[03/10/2024 01:50:43 - INFO - __main__] -   >>> >>> Parsing >>> walker2d-random-v2.hdf5: 41100 trajectories
[03/10/2024 01:51:09 - INFO - __main__] -   >>> >>> Parsing >>> walker2d-random-v2.hdf5: 41200 trajectories
[03/10/2024 01:51:34 - INFO - __main__] -   >>> >>> Parsing >>> walker2d-random-v2.hdf5: 41300 trajectories
[03/10/2024 01:52:03 - INFO - __main__] -   >>> >>> Parsing >>> walker2d-random-v2.hdf5: 41400 trajectories
[03/10/2024 01:52:28 - INFO - __main__] -   >>> >>> Parsing >>> walker2d-random-v2.hdf5: 41500 trajectories
[03/10/2024 01:52:53 - INFO - __main__] -   >>> >>> Parsing >>> walker2d-random-v2.hdf5: 41600 trajectories
[03/10/2024 01:53:20 - INFO - __main__] -   >>> >>> Parsing >>> walker2d-random-v2.hdf5: 41700 trajectories
[03/10/2024 01:53:45 - INFO - __main__] -   >>> >>> Parsing >>> walker2d-random-v2.hdf5: 41800 trajectories
[03/10/2024 01:54:12 - INFO - __main__] -   >>> >>> Parsing >>> walker2d-random-v2.hdf5: 41900 trajectories
[03/10/2024 01:54:37 - INFO - __main__] -   >>> >>> Parsing >>> walker2d-random-v2.hdf5: 42000 trajectories
[03/10/2024 01:55:02 - INFO - __main__] -   >>> >>> Parsing >>> walker2d-random-v2.hdf5: 42100 trajectories
[03/10/2024 01:55:29 - INFO - __main__] -   >>> >>> Parsing >>> walker2d-random-v2.hdf5: 42200 trajectories
[03/10/2024 01:55:54 - INFO - __main__] -   >>> >>> Parsing >>> walker2d-random-v2.hdf5: 42300 trajectories
[03/10/2024 01:56:21 - INFO - __main__] -   >>> >>> Parsing >>> walker2d-random-v2.hdf5: 42400 trajectories
[03/10/2024 01:56:45 - INFO - __main__] -   >>> >>> Parsing >>> walker2d-random-v2.hdf5: 42500 trajectories
[03/10/2024 01:57:11 - INFO - __main__] -   >>> >>> Parsing >>> walker2d-random-v2.hdf5: 42600 trajectories
[03/10/2024 01:57:37 - INFO - __main__] -   >>> >>> Parsing >>> walker2d-random-v2.hdf5: 42700 trajectories
[03/10/2024 01:58:02 - INFO - __main__] -   >>> >>> Parsing >>> walker2d-random-v2.hdf5: 42800 trajectories
[03/10/2024 01:58:29 - INFO - __main__] -   >>> >>> Parsing >>> walker2d-random-v2.hdf5: 42900 trajectories
[03/10/2024 01:58:54 - INFO - __main__] -   >>> >>> Parsing >>> walker2d-random-v2.hdf5: 43000 trajectories
[03/10/2024 01:59:19 - INFO - __main__] -   >>> >>> Parsing >>> walker2d-random-v2.hdf5: 43100 trajectories
[03/10/2024 01:59:45 - INFO - __main__] -   >>> >>> Parsing >>> walker2d-random-v2.hdf5: 43200 trajectories
[03/10/2024 03:00:09 - INFO - __main__] -   >>> >>> Parsing >>> walker2d-random-v2.hdf5: 43300 trajectories
[03/10/2024 03:00:33 - INFO - __main__] -   >>> >>> Parsing >>> walker2d-random-v2.hdf5: 43400 trajectories
[03/10/2024 03:00:58 - INFO - __main__] -   >>> >>> Parsing >>> walker2d-random-v2.hdf5: 43500 trajectories
[03/10/2024 03:01:27 - INFO - __main__] -   >>> >>> Parsing >>> walker2d-random-v2.hdf5: 43600 trajectories
[03/10/2024 03:01:54 - INFO - __main__] -   >>> >>> Parsing >>> walker2d-random-v2.hdf5: 43700 trajectories
[03/10/2024 03:02:21 - INFO - __main__] -   >>> >>> Parsing >>> walker2d-random-v2.hdf5: 43800 trajectories
[03/10/2024 03:02:47 - INFO - __main__] -   >>> >>> Parsing >>> walker2d-random-v2.hdf5: 43900 trajectories
[03/10/2024 03:03:15 - INFO - __main__] -   >>> >>> Parsing >>> walker2d-random-v2.hdf5: 44000 trajectories
[03/10/2024 03:03:42 - INFO - __main__] -   >>> >>> Parsing >>> walker2d-random-v2.hdf5: 44100 trajectories
[03/10/2024 03:04:07 - INFO - __main__] -   >>> >>> Parsing >>> walker2d-random-v2.hdf5: 44200 trajectories
[03/10/2024 03:04:31 - INFO - __main__] -   >>> >>> Parsing >>> walker2d-random-v2.hdf5: 44300 trajectories
[03/10/2024 03:04:58 - INFO - __main__] -   >>> >>> Parsing >>> walker2d-random-v2.hdf5: 44400 trajectories
[03/10/2024 03:05:23 - INFO - __main__] -   >>> >>> Parsing >>> walker2d-random-v2.hdf5: 44500 trajectories
[03/10/2024 03:05:51 - INFO - __main__] -   >>> >>> Parsing >>> walker2d-random-v2.hdf5: 44600 trajectories
[03/10/2024 03:06:19 - INFO - __main__] -   >>> >>> Parsing >>> walker2d-random-v2.hdf5: 44700 trajectories
[03/10/2024 03:06:46 - INFO - __main__] -   >>> >>> Parsing >>> walker2d-random-v2.hdf5: 44800 trajectories
[03/10/2024 03:07:12 - INFO - __main__] -   >>> >>> Parsing >>> walker2d-random-v2.hdf5: 44900 trajectories
[03/10/2024 03:07:37 - INFO - __main__] -   >>> >>> Parsing >>> walker2d-random-v2.hdf5: 45000 trajectories
[03/10/2024 03:08:03 - INFO - __main__] -   >>> >>> Parsing >>> walker2d-random-v2.hdf5: 45100 trajectories
[03/10/2024 03:08:30 - INFO - __main__] -   >>> >>> Parsing >>> walker2d-random-v2.hdf5: 45200 trajectories
[03/10/2024 03:08:56 - INFO - __main__] -   >>> >>> Parsing >>> walker2d-random-v2.hdf5: 45300 trajectories
[03/10/2024 03:09:22 - INFO - __main__] -   >>> >>> Parsing >>> walker2d-random-v2.hdf5: 45400 trajectories
[03/10/2024 03:09:49 - INFO - __main__] -   >>> >>> Parsing >>> walker2d-random-v2.hdf5: 45500 trajectories
[03/10/2024 03:10:17 - INFO - __main__] -   >>> >>> Parsing >>> walker2d-random-v2.hdf5: 45600 trajectories
[03/10/2024 03:10:43 - INFO - __main__] -   >>> >>> Parsing >>> walker2d-random-v2.hdf5: 45700 trajectories
[03/10/2024 03:11:11 - INFO - __main__] -   >>> >>> Parsing >>> walker2d-random-v2.hdf5: 45800 trajectories
[03/10/2024 03:11:37 - INFO - __main__] -   >>> >>> Parsing >>> walker2d-random-v2.hdf5: 45900 trajectories
[03/10/2024 03:12:03 - INFO - __main__] -   >>> >>> Parsing >>> walker2d-random-v2.hdf5: 46000 trajectories
[03/10/2024 03:12:30 - INFO - __main__] -   >>> >>> Parsing >>> walker2d-random-v2.hdf5: 46100 trajectories
[03/10/2024 03:12:58 - INFO - __main__] -   >>> >>> Parsing >>> walker2d-random-v2.hdf5: 46200 trajectories
[03/10/2024 03:13:25 - INFO - __main__] -   >>> >>> Parsing >>> walker2d-random-v2.hdf5: 46300 trajectories
[03/10/2024 03:13:52 - INFO - __main__] -   >>> >>> Parsing >>> walker2d-random-v2.hdf5: 46400 trajectories
[03/10/2024 03:14:17 - INFO - __main__] -   >>> >>> Parsing >>> walker2d-random-v2.hdf5: 46500 trajectories
[03/10/2024 03:14:42 - INFO - __main__] -   >>> >>> Parsing >>> walker2d-random-v2.hdf5: 46600 trajectories
[03/10/2024 03:15:09 - INFO - __main__] -   >>> >>> Parsing >>> walker2d-random-v2.hdf5: 46700 trajectories
[03/10/2024 03:15:38 - INFO - __main__] -   >>> >>> Parsing >>> walker2d-random-v2.hdf5: 46800 trajectories
[03/10/2024 03:16:05 - INFO - __main__] -   >>> >>> Parsing >>> walker2d-random-v2.hdf5: 46900 trajectories
[03/10/2024 03:16:31 - INFO - __main__] -   >>> >>> Parsing >>> walker2d-random-v2.hdf5: 47000 trajectories
[03/10/2024 03:16:58 - INFO - __main__] -   >>> >>> Parsing >>> walker2d-random-v2.hdf5: 47100 trajectories
[03/10/2024 03:17:24 - INFO - __main__] -   >>> >>> Parsing >>> walker2d-random-v2.hdf5: 47200 trajectories
[03/10/2024 03:17:48 - INFO - __main__] -   >>> >>> Parsing >>> walker2d-random-v2.hdf5: 47300 trajectories
[03/10/2024 03:18:15 - INFO - __main__] -   >>> >>> Parsing >>> walker2d-random-v2.hdf5: 47400 trajectories
[03/10/2024 03:18:41 - INFO - __main__] -   >>> >>> Parsing >>> walker2d-random-v2.hdf5: 47500 trajectories
[03/10/2024 03:19:08 - INFO - __main__] -   >>> >>> Parsing >>> walker2d-random-v2.hdf5: 47600 trajectories
[03/10/2024 03:19:34 - INFO - __main__] -   >>> >>> Parsing >>> walker2d-random-v2.hdf5: 47700 trajectories
[03/10/2024 03:20:01 - INFO - __main__] -   >>> >>> Parsing >>> walker2d-random-v2.hdf5: 47800 trajectories
[03/10/2024 03:20:27 - INFO - __main__] -   >>> >>> Parsing >>> walker2d-random-v2.hdf5: 47900 trajectories
[03/10/2024 03:20:52 - INFO - __main__] -   >>> >>> Parsing >>> walker2d-random-v2.hdf5: 48000 trajectories
[03/10/2024 03:21:18 - INFO - __main__] -   >>> >>> Parsing >>> walker2d-random-v2.hdf5: 48100 trajectories
[03/10/2024 03:21:46 - INFO - __main__] -   >>> >>> Parsing >>> walker2d-random-v2.hdf5: 48200 trajectories
[03/10/2024 03:22:12 - INFO - __main__] -   >>> >>> Parsing >>> walker2d-random-v2.hdf5: 48300 trajectories
[03/10/2024 03:22:40 - INFO - __main__] -   >>> >>> Parsing >>> walker2d-random-v2.hdf5: 48400 trajectories
[03/10/2024 03:23:06 - INFO - __main__] -   >>> >>> Parsing >>> walker2d-random-v2.hdf5: 48500 trajectories
[03/10/2024 03:23:31 - INFO - __main__] -   >>> >>> Parsing >>> walker2d-random-v2.hdf5: 48600 trajectories
[03/10/2024 03:23:57 - INFO - __main__] -   >>> >>> Parsing >>> walker2d-random-v2.hdf5: 48700 trajectories
[03/10/2024 03:24:23 - INFO - __main__] -   >>> >>> Parsing >>> walker2d-random-v2.hdf5: 48800 trajectories
[03/10/2024 03:24:50 - INFO - __main__] -   >>> >>> Parsing >>> walker2d-random-v2.hdf5: 48900 trajectories
[03/10/2024 03:24:52 - INFO - __main__] -   The number of collected samples: 999997
[03/10/2024 03:24:52 - INFO - __main__] -   Trajectory rewards: mean = 1.8713510036468506, std = 5.81272554397583, max = 75.0345687866211, min = -17.00582504272461
[03/10/2024 03:24:52 - INFO - __main__] -   >>> Done walker2d-random-v2.hdf5. Save the trajectories to data/parsed/walker2d-random-v2.hdf5.pkl
[03/10/2024 03:24:56 - INFO - __main__] -   Total Running Time: 13320.5 sec (222.0 min)
