[epoch    1/100] [iter       0] [loss 0.72922]
[epoch    1/100] [iter     500] [loss 0.14967]
[epoch    1/100] [iter    1000] [loss 0.08229]
[epoch    1/100] [iter    1500] [loss 0.04913]
[epoch    2/100] [iter    2000] [loss 0.01578]
[epoch    2/100] [iter    2500] [loss 0.01259]
[epoch    2/100] [iter    3000] [loss 0.01122]
[Test on environment] [epoch 2/100] [score 254.00]
Saving the best model (score: 254.0) at epoch 2 as model_best-behavioral_cloning-CartPole-v1.pt
[epoch    3/100] [iter    3500] [loss 0.00554]
[epoch    3/100] [iter    4000] [loss 0.01113]
[epoch    3/100] [iter    4500] [loss 0.03287]
[epoch    4/100] [iter    5000] [loss 0.00226]
[epoch    4/100] [iter    5500] [loss 0.01586]
[epoch    4/100] [iter    6000] [loss 0.04376]
[Test on environment] [epoch 4/100] [score 239.50]
[epoch    5/100] [iter    6500] [loss 0.00421]
[epoch    5/100] [iter    7000] [loss 0.00122]
[epoch    5/100] [iter    7500] [loss 0.02580]
[epoch    6/100] [iter    8000] [loss 0.00553]
[epoch    6/100] [iter    8500] [loss 0.00723]
[epoch    6/100] [iter    9000] [loss 0.06874]
[Test on environment] [epoch 6/100] [score 226.30]
[epoch    7/100] [iter    9500] [loss 0.04425]
[epoch    7/100] [iter   10000] [loss 0.00622]
[epoch    7/100] [iter   10500] [loss 0.00785]
[epoch    8/100] [iter   11000] [loss 0.00155]
[epoch    8/100] [iter   11500] [loss 0.02120]
[epoch    8/100] [iter   12000] [loss 0.00223]
[Test on environment] [epoch 8/100] [score 280.60]
Saving the best model (score: 280.6) at epoch 8 as model_best-behavioral_cloning-CartPole-v1.pt
[epoch    9/100] [iter   12500] [loss 0.01197]
[epoch    9/100] [iter   13000] [loss 0.00380]
[epoch    9/100] [iter   13500] [loss 0.01990]
[epoch    9/100] [iter   14000] [loss 0.01200]
[epoch   10/100] [iter   14500] [loss 0.01779]
[epoch   10/100] [iter   15000] [loss 0.04699]
[epoch   10/100] [iter   15500] [loss 0.02645]
[Test on environment] [epoch 10/100] [score 266.00]
[epoch   11/100] [iter   16000] [loss 0.01122]
[epoch   11/100] [iter   16500] [loss 0.01647]
[epoch   11/100] [iter   17000] [loss 0.00256]
[epoch   12/100] [iter   17500] [loss 0.00374]
[epoch   12/100] [iter   18000] [loss 0.01626]
[epoch   12/100] [iter   18500] [loss 0.00877]
[Test on environment] [epoch 12/100] [score 260.10]
[epoch   13/100] [iter   19000] [loss 0.01159]
[epoch   13/100] [iter   19500] [loss 0.04094]
[epoch   13/100] [iter   20000] [loss 0.00133]
[epoch   14/100] [iter   20500] [loss 0.00100]
[epoch   14/100] [iter   21000] [loss 0.00155]
[epoch   14/100] [iter   21500] [loss 0.01010]
[Test on environment] [epoch 14/100] [score 266.10]
[epoch   15/100] [iter   22000] [loss 0.00037]
[epoch   15/100] [iter   22500] [loss 0.00095]
[epoch   15/100] [iter   23000] [loss 0.00040]
[epoch   16/100] [iter   23500] [loss 0.01853]
[epoch   16/100] [iter   24000] [loss 0.00069]
[epoch   16/100] [iter   24500] [loss 0.00571]
[Test on environment] [epoch 16/100] [score 261.40]
[epoch   17/100] [iter   25000] [loss 0.00834]
[epoch   17/100] [iter   25500] [loss 0.00159]
[epoch   17/100] [iter   26000] [loss 0.01897]
[epoch   18/100] [iter   26500] [loss 0.02615]
[epoch   18/100] [iter   27000] [loss 0.01120]
[epoch   18/100] [iter   27500] [loss 0.00083]
[epoch   18/100] [iter   28000] [loss 0.00406]
[Test on environment] [epoch 18/100] [score 255.00]
[epoch   19/100] [iter   28500] [loss 0.00018]
[epoch   19/100] [iter   29000] [loss 0.00240]
[epoch   19/100] [iter   29500] [loss 0.00026]
[epoch   20/100] [iter   30000] [loss 0.01157]
[epoch   20/100] [iter   30500] [loss 0.00452]
[epoch   20/100] [iter   31000] [loss 0.04190]
[Test on environment] [epoch 20/100] [score 237.70]
[epoch   21/100] [iter   31500] [loss 0.01278]
[epoch   21/100] [iter   32000] [loss 0.00732]
[epoch   21/100] [iter   32500] [loss 0.00742]
[epoch   22/100] [iter   33000] [loss 0.00010]
[epoch   22/100] [iter   33500] [loss 0.00627]
[epoch   22/100] [iter   34000] [loss 0.00573]
[Test on environment] [epoch 22/100] [score 220.40]
[epoch   23/100] [iter   34500] [loss 0.00456]
[epoch   23/100] [iter   35000] [loss 0.01396]
[epoch   23/100] [iter   35500] [loss 0.00990]
[epoch   24/100] [iter   36000] [loss 0.00163]
[epoch   24/100] [iter   36500] [loss 0.00012]
[epoch   24/100] [iter   37000] [loss 0.05071]
[Test on environment] [epoch 24/100] [score 296.30]
Saving the best model (score: 296.3) at epoch 24 as model_best-behavioral_cloning-CartPole-v1.pt
[epoch   25/100] [iter   37500] [loss 0.01031]
[epoch   25/100] [iter   38000] [loss 0.04647]
[epoch   25/100] [iter   38500] [loss 0.00003]
[epoch   26/100] [iter   39000] [loss 0.00023]
[epoch   26/100] [iter   39500] [loss 0.01447]
[epoch   26/100] [iter   40000] [loss 0.00363]
[epoch   26/100] [iter   40500] [loss 0.04583]
[Test on environment] [epoch 26/100] [score 244.50]
[epoch   27/100] [iter   41000] [loss 0.00776]
[epoch   27/100] [iter   41500] [loss 0.03856]
[epoch   27/100] [iter   42000] [loss 0.00732]
[epoch   28/100] [iter   42500] [loss 0.00268]
[epoch   28/100] [iter   43000] [loss 0.00538]
[epoch   28/100] [iter   43500] [loss 0.02500]
[Test on environment] [epoch 28/100] [score 256.80]
[epoch   29/100] [iter   44000] [loss 0.00639]
[epoch   29/100] [iter   44500] [loss 0.00233]
[epoch   29/100] [iter   45000] [loss 0.00067]
[epoch   30/100] [iter   45500] [loss 0.00401]
[epoch   30/100] [iter   46000] [loss 0.00122]
[epoch   30/100] [iter   46500] [loss 0.01235]
[Test on environment] [epoch 30/100] [score 254.90]
[epoch   31/100] [iter   47000] [loss 0.00288]
[epoch   31/100] [iter   47500] [loss 0.00201]
[epoch   31/100] [iter   48000] [loss 0.00305]
[epoch   32/100] [iter   48500] [loss 0.00298]
[epoch   32/100] [iter   49000] [loss 0.00385]
[epoch   32/100] [iter   49500] [loss 0.00031]
[Test on environment] [epoch 32/100] [score 278.50]
[epoch   33/100] [iter   50000] [loss 0.01781]
[epoch   33/100] [iter   50500] [loss 0.00109]
[epoch   33/100] [iter   51000] [loss 0.06496]
[epoch   34/100] [iter   51500] [loss 0.01905]
[epoch   34/100] [iter   52000] [loss 0.00202]
[epoch   34/100] [iter   52500] [loss 0.00024]
[Test on environment] [epoch 34/100] [score 264.90]
[epoch   35/100] [iter   53000] [loss 0.00094]
[epoch   35/100] [iter   53500] [loss 0.01144]
[epoch   35/100] [iter   54000] [loss 0.00102]
[epoch   35/100] [iter   54500] [loss 0.06679]
[epoch   36/100] [iter   55000] [loss 0.00933]
[epoch   36/100] [iter   55500] [loss 0.01371]
[epoch   36/100] [iter   56000] [loss 0.00001]
[Test on environment] [epoch 36/100] [score 236.90]
[epoch   37/100] [iter   56500] [loss 0.00256]
[epoch   37/100] [iter   57000] [loss 0.00081]
[epoch   37/100] [iter   57500] [loss 0.00153]
[epoch   38/100] [iter   58000] [loss 0.00013]
[epoch   38/100] [iter   58500] [loss 0.04949]
[epoch   38/100] [iter   59000] [loss 0.00028]
[Test on environment] [epoch 38/100] [score 283.50]
[epoch   39/100] [iter   59500] [loss 0.00754]
[epoch   39/100] [iter   60000] [loss 0.00265]
[epoch   39/100] [iter   60500] [loss 0.01844]
[epoch   40/100] [iter   61000] [loss 0.00043]
[epoch   40/100] [iter   61500] [loss 0.00286]
[epoch   40/100] [iter   62000] [loss 0.02480]
[Test on environment] [epoch 40/100] [score 282.20]
[epoch   41/100] [iter   62500] [loss 0.01518]
[epoch   41/100] [iter   63000] [loss 0.06304]
[epoch   41/100] [iter   63500] [loss 0.00000]
[epoch   42/100] [iter   64000] [loss 0.00086]
[epoch   42/100] [iter   64500] [loss 0.01226]
[epoch   42/100] [iter   65000] [loss 0.00430]
[Test on environment] [epoch 42/100] [score 232.60]
[epoch   43/100] [iter   65500] [loss 0.00260]
[epoch   43/100] [iter   66000] [loss 0.02732]
[epoch   43/100] [iter   66500] [loss 0.00070]
[epoch   44/100] [iter   67000] [loss 0.00054]
[epoch   44/100] [iter   67500] [loss 0.02551]
[epoch   44/100] [iter   68000] [loss 0.00000]
[epoch   44/100] [iter   68500] [loss 0.00182]
[Test on environment] [epoch 44/100] [score 268.20]
[epoch   45/100] [iter   69000] [loss 0.00052]
[epoch   45/100] [iter   69500] [loss 0.00254]
[epoch   45/100] [iter   70000] [loss 0.00736]
[epoch   46/100] [iter   70500] [loss 0.00075]
[epoch   46/100] [iter   71000] [loss 0.00662]
[epoch   46/100] [iter   71500] [loss 0.00014]
[Test on environment] [epoch 46/100] [score 239.60]
[epoch   47/100] [iter   72000] [loss 0.00771]
[epoch   47/100] [iter   72500] [loss 0.02696]
[epoch   47/100] [iter   73000] [loss 0.00079]
[epoch   48/100] [iter   73500] [loss 0.01185]
[epoch   48/100] [iter   74000] [loss 0.01494]
[epoch   48/100] [iter   74500] [loss 0.00362]
[Test on environment] [epoch 48/100] [score 246.30]
[epoch   49/100] [iter   75000] [loss 0.00068]
[epoch   49/100] [iter   75500] [loss 0.01270]
[epoch   49/100] [iter   76000] [loss 0.00577]
[epoch   50/100] [iter   76500] [loss 0.00371]
[epoch   50/100] [iter   77000] [loss 0.01044]
[epoch   50/100] [iter   77500] [loss 0.08581]
[Test on environment] [epoch 50/100] [score 276.70]
[epoch   51/100] [iter   78000] [loss 0.00056]
[epoch   51/100] [iter   78500] [loss 0.00024]
[epoch   51/100] [iter   79000] [loss 0.05004]
[epoch   52/100] [iter   79500] [loss 0.00007]
[epoch   52/100] [iter   80000] [loss 0.00002]
[epoch   52/100] [iter   80500] [loss 0.00025]
[epoch   52/100] [iter   81000] [loss 0.00007]
[Test on environment] [epoch 52/100] [score 298.20]
Saving the best model (score: 298.2) at epoch 52 as model_best-behavioral_cloning-CartPole-v1.pt
[epoch   53/100] [iter   81500] [loss 0.00085]
[epoch   53/100] [iter   82000] [loss 0.00578]
[epoch   53/100] [iter   82500] [loss 0.00342]
[epoch   54/100] [iter   83000] [loss 0.03003]
[epoch   54/100] [iter   83500] [loss 0.00011]
[epoch   54/100] [iter   84000] [loss 0.00905]
[Test on environment] [epoch 54/100] [score 247.60]
[epoch   55/100] [iter   84500] [loss 0.00035]
[epoch   55/100] [iter   85000] [loss 0.00002]
[epoch   55/100] [iter   85500] [loss 0.00258]
[epoch   56/100] [iter   86000] [loss 0.02943]
[epoch   56/100] [iter   86500] [loss 0.00315]
[epoch   56/100] [iter   87000] [loss 0.00377]
[Test on environment] [epoch 56/100] [score 263.90]
[epoch   57/100] [iter   87500] [loss 0.00222]
[epoch   57/100] [iter   88000] [loss 0.00020]
[epoch   57/100] [iter   88500] [loss 0.00411]
[epoch   58/100] [iter   89000] [loss 0.00405]
[epoch   58/100] [iter   89500] [loss 0.00029]
[epoch   58/100] [iter   90000] [loss 0.00490]
[Test on environment] [epoch 58/100] [score 259.60]
[epoch   59/100] [iter   90500] [loss 0.04924]
[epoch   59/100] [iter   91000] [loss 0.00795]
[epoch   59/100] [iter   91500] [loss 0.00265]
[epoch   60/100] [iter   92000] [loss 0.00020]
[epoch   60/100] [iter   92500] [loss 0.00334]
[epoch   60/100] [iter   93000] [loss 0.00036]
[Test on environment] [epoch 60/100] [score 274.80]
[epoch   61/100] [iter   93500] [loss 0.00027]
[epoch   61/100] [iter   94000] [loss 0.01376]
[epoch   61/100] [iter   94500] [loss 0.00004]
[epoch   61/100] [iter   95000] [loss 0.00049]
[epoch   62/100] [iter   95500] [loss 0.00008]
[epoch   62/100] [iter   96000] [loss 0.00234]
[epoch   62/100] [iter   96500] [loss 0.00304]
[Test on environment] [epoch 62/100] [score 264.50]
[epoch   63/100] [iter   97000] [loss 0.01061]
[epoch   63/100] [iter   97500] [loss 0.00777]
[epoch   63/100] [iter   98000] [loss 0.00009]
[epoch   64/100] [iter   98500] [loss 0.00010]
[epoch   64/100] [iter   99000] [loss 0.00141]
[epoch   64/100] [iter   99500] [loss 0.01936]
[Test on environment] [epoch 64/100] [score 264.20]
[epoch   65/100] [iter  100000] [loss 0.00106]
[epoch   65/100] [iter  100500] [loss 0.00799]
[epoch   65/100] [iter  101000] [loss 0.02345]
[epoch   66/100] [iter  101500] [loss 0.00639]
[epoch   66/100] [iter  102000] [loss 0.00872]
[epoch   66/100] [iter  102500] [loss 0.00028]
[Test on environment] [epoch 66/100] [score 275.30]
[epoch   67/100] [iter  103000] [loss 0.00494]
[epoch   67/100] [iter  103500] [loss 0.00199]
[epoch   67/100] [iter  104000] [loss 0.02568]
[epoch   68/100] [iter  104500] [loss 0.00008]
[epoch   68/100] [iter  105000] [loss 0.00556]
[epoch   68/100] [iter  105500] [loss 0.00417]
[Test on environment] [epoch 68/100] [score 254.90]
[epoch   69/100] [iter  106000] [loss 0.00114]
[epoch   69/100] [iter  106500] [loss 0.00023]
[epoch   69/100] [iter  107000] [loss 0.00662]
[epoch   69/100] [iter  107500] [loss 0.00437]
[epoch   70/100] [iter  108000] [loss 0.02725]
[epoch   70/100] [iter  108500] [loss 0.00838]
[epoch   70/100] [iter  109000] [loss 0.01945]
[Test on environment] [epoch 70/100] [score 243.50]
[epoch   71/100] [iter  109500] [loss 0.02662]
[epoch   71/100] [iter  110000] [loss 0.00209]
[epoch   71/100] [iter  110500] [loss 0.01327]
[epoch   72/100] [iter  111000] [loss 0.00066]
[epoch   72/100] [iter  111500] [loss 0.01103]
[epoch   72/100] [iter  112000] [loss 0.02253]
[Test on environment] [epoch 72/100] [score 255.30]
[epoch   73/100] [iter  112500] [loss 0.00394]
[epoch   73/100] [iter  113000] [loss 0.00875]
[epoch   73/100] [iter  113500] [loss 0.04710]
[epoch   74/100] [iter  114000] [loss 0.00014]
[epoch   74/100] [iter  114500] [loss 0.00111]
[epoch   74/100] [iter  115000] [loss 0.01653]
[Test on environment] [epoch 74/100] [score 251.00]
[epoch   75/100] [iter  115500] [loss 0.00026]
[epoch   75/100] [iter  116000] [loss 0.03503]
[epoch   75/100] [iter  116500] [loss 0.00035]
[epoch   76/100] [iter  117000] [loss 0.00007]
[epoch   76/100] [iter  117500] [loss 0.00037]
[epoch   76/100] [iter  118000] [loss 0.00005]
[Test on environment] [epoch 76/100] [score 283.90]
[epoch   77/100] [iter  118500] [loss 0.01262]
[epoch   77/100] [iter  119000] [loss 0.02833]
[epoch   77/100] [iter  119500] [loss 0.00038]
[epoch   78/100] [iter  120000] [loss 0.00017]
[epoch   78/100] [iter  120500] [loss 0.00389]
[epoch   78/100] [iter  121000] [loss 0.00283]
[epoch   78/100] [iter  121500] [loss 0.00780]
[Test on environment] [epoch 78/100] [score 250.60]
[epoch   79/100] [iter  122000] [loss 0.02417]
[epoch   79/100] [iter  122500] [loss 0.01480]
[epoch   79/100] [iter  123000] [loss 0.02850]
[epoch   80/100] [iter  123500] [loss 0.01294]
[epoch   80/100] [iter  124000] [loss 0.00003]
[epoch   80/100] [iter  124500] [loss 0.00084]
[Test on environment] [epoch 80/100] [score 245.70]
[epoch   81/100] [iter  125000] [loss 0.01082]
[epoch   81/100] [iter  125500] [loss 0.00002]
[epoch   81/100] [iter  126000] [loss 0.06977]
[epoch   82/100] [iter  126500] [loss 0.00020]
[epoch   82/100] [iter  127000] [loss 0.00999]
[epoch   82/100] [iter  127500] [loss 0.00295]
[Test on environment] [epoch 82/100] [score 247.20]
[epoch   83/100] [iter  128000] [loss 0.00074]
[epoch   83/100] [iter  128500] [loss 0.00047]
[epoch   83/100] [iter  129000] [loss 0.00058]
[epoch   84/100] [iter  129500] [loss 0.00080]
[epoch   84/100] [iter  130000] [loss 0.01309]
[epoch   84/100] [iter  130500] [loss 0.00116]
[Test on environment] [epoch 84/100] [score 255.80]
[epoch   85/100] [iter  131000] [loss 0.00130]
[epoch   85/100] [iter  131500] [loss 0.00206]
[epoch   85/100] [iter  132000] [loss 0.00130]
[epoch   86/100] [iter  132500] [loss 0.00008]
[epoch   86/100] [iter  133000] [loss 0.00237]
[epoch   86/100] [iter  133500] [loss 0.00143]
[Test on environment] [epoch 86/100] [score 260.00]
[epoch   87/100] [iter  134000] [loss 0.01122]
[epoch   87/100] [iter  134500] [loss 0.01824]
[epoch   87/100] [iter  135000] [loss 0.00568]
[epoch   87/100] [iter  135500] [loss 0.00121]
[epoch   88/100] [iter  136000] [loss 0.01674]
[epoch   88/100] [iter  136500] [loss 0.00020]
[epoch   88/100] [iter  137000] [loss 0.00010]
[Test on environment] [epoch 88/100] [score 255.00]
[epoch   89/100] [iter  137500] [loss 0.00004]
[epoch   89/100] [iter  138000] [loss 0.00660]
[epoch   89/100] [iter  138500] [loss 0.00188]
[epoch   90/100] [iter  139000] [loss 0.01576]
[epoch   90/100] [iter  139500] [loss 0.01124]
[epoch   90/100] [iter  140000] [loss 0.05036]
[Test on environment] [epoch 90/100] [score 244.90]
[epoch   91/100] [iter  140500] [loss 0.00538]
[epoch   91/100] [iter  141000] [loss 0.00631]
[epoch   91/100] [iter  141500] [loss 0.02202]
[epoch   92/100] [iter  142000] [loss 0.00072]
[epoch   92/100] [iter  142500] [loss 0.00139]
[epoch   92/100] [iter  143000] [loss 0.00363]
[Test on environment] [epoch 92/100] [score 224.40]
[epoch   93/100] [iter  143500] [loss 0.00523]
[epoch   93/100] [iter  144000] [loss 0.00184]
[epoch   93/100] [iter  144500] [loss 0.03991]
[epoch   94/100] [iter  145000] [loss 0.00118]
[epoch   94/100] [iter  145500] [loss 0.00002]
[epoch   94/100] [iter  146000] [loss 0.00015]
[Test on environment] [epoch 94/100] [score 236.50]
[epoch   95/100] [iter  146500] [loss 0.00301]
[epoch   95/100] [iter  147000] [loss 0.00003]
[epoch   95/100] [iter  147500] [loss 0.00036]
[epoch   95/100] [iter  148000] [loss 0.00333]
[epoch   96/100] [iter  148500] [loss 0.00006]
[epoch   96/100] [iter  149000] [loss 0.01740]
[epoch   96/100] [iter  149500] [loss 0.03304]
[Test on environment] [epoch 96/100] [score 237.40]
[epoch   97/100] [iter  150000] [loss 0.00016]
[epoch   97/100] [iter  150500] [loss 0.00004]
[epoch   97/100] [iter  151000] [loss 0.00211]
[epoch   98/100] [iter  151500] [loss 0.03070]
[epoch   98/100] [iter  152000] [loss 0.00570]
[epoch   98/100] [iter  152500] [loss 0.00042]
[Test on environment] [epoch 98/100] [score 250.10]
[epoch   99/100] [iter  153000] [loss 0.01787]
[epoch   99/100] [iter  153500] [loss 0.00085]
[epoch   99/100] [iter  154000] [loss 0.01833]
[epoch  100/100] [iter  154500] [loss 0.00001]
[epoch  100/100] [iter  155000] [loss 0.00355]
[epoch  100/100] [iter  155500] [loss 0.02178]
[Test on environment] [epoch 100/100] [score 260.40]
[END] Score Statistics: Avg = 256.67400000000004; Max = 298.2; Min = 220.4; Std = 17.38766010709894
Saving the last model as model_last-behavioral_cloning-CartPole-v1.pt

DONE - Running Time: 2558.7 sec (42.6 min)
